{"C:\\Users\\FELIX ZAYAS\\abp_5dsm\\backend\\src\\app.ts": {"path":"C:\\Users\\FELIX ZAYAS\\abp_5dsm\\backend\\src\\app.ts","statementMap":{"0":{"start":{"line":2,"column":0},"end":{"line":2,"column":30}},"1":{"start":{"line":3,"column":0},"end":{"line":3,"column":24}},"2":{"start":{"line":4,"column":0},"end":{"line":4,"column":28}},"3":{"start":{"line":5,"column":0},"end":{"line":5,"column":28}},"4":{"start":{"line":6,"column":0},"end":{"line":6,"column":35}},"5":{"start":{"line":7,"column":0},"end":{"line":7,"column":56}},"6":{"start":{"line":10,"column":0},"end":{"line":10,"column":66}},"7":{"start":{"line":12,"column":0},"end":{"line":12,"column":16}},"8":{"start":{"line":14,"column":12},"end":{"line":14,"column":21}},"9":{"start":{"line":17,"column":0},"end":{"line":26,"column":4}},"10":{"start":{"line":29,"column":0},"end":{"line":34,"column":4}},"11":{"start":{"line":37,"column":0},"end":{"line":37,"column":41}},"12":{"start":{"line":38,"column":0},"end":{"line":38,"column":63}},"13":{"start":{"line":41,"column":0},"end":{"line":41,"column":25}},"14":{"start":{"line":44,"column":0},"end":{"line":49,"column":3}},"15":{"start":{"line":45,"column":1},"end":{"line":47,"column":4}},"16":{"start":{"line":46,"column":2},"end":{"line":46,"column":53}},"17":{"start":{"line":48,"column":1},"end":{"line":48,"column":8}},"18":{"start":{"line":52,"column":0},"end":{"line":52,"column":46}},"19":{"start":{"line":53,"column":0},"end":{"line":53,"column":57}},"20":{"start":{"line":56,"column":0},"end":{"line":56,"column":24}},"21":{"start":{"line":59,"column":0},"end":{"line":65,"column":3}},"22":{"start":{"line":60,"column":1},"end":{"line":64,"column":4}},"23":{"start":{"line":68,"column":0},"end":{"line":78,"column":3}},"24":{"start":{"line":69,"column":1},"end":{"line":69,"column":42}},"25":{"start":{"line":70,"column":23},"end":{"line":70,"column":61}},"26":{"start":{"line":72,"column":1},"end":{"line":77,"column":4}},"27":{"start":{"line":81,"column":0},"end":{"line":81,"column":38}},"28":{"start":{"line":84,"column":0},"end":{"line":84,"column":19}}},"fnMap":{"0":{"name":"(anonymous_1)","decl":{"start":{"line":44,"column":8},"end":{"line":44,"column":9}},"loc":{"start":{"line":44,"column":27},"end":{"line":49,"column":1}}},"1":{"name":"(anonymous_2)","decl":{"start":{"line":45,"column":23},"end":{"line":45,"column":26}},"loc":{"start":{"line":45,"column":28},"end":{"line":47,"column":2}}},"2":{"name":"(anonymous_3)","decl":{"start":{"line":59,"column":8},"end":{"line":59,"column":9}},"loc":{"start":{"line":59,"column":21},"end":{"line":65,"column":1}}},"3":{"name":"(anonymous_4)","decl":{"start":{"line":68,"column":8},"end":{"line":68,"column":9}},"loc":{"start":{"line":68,"column":96},"end":{"line":78,"column":1}}}},"branchMap":{"0":{"loc":{"start":{"line":30,"column":9},"end":{"line":30,"column":60}},"type":"binary-expr","locations":[{"start":{"line":30,"column":9},"end":{"line":30,"column":33}},{"start":{"line":30,"column":37},"end":{"line":30,"column":60}}]},"1":{"loc":{"start":{"line":72,"column":12},"end":{"line":72,"column":31}},"type":"binary-expr","locations":[{"start":{"line":72,"column":12},"end":{"line":72,"column":24}},{"start":{"line":72,"column":28},"end":{"line":72,"column":31}}]},"2":{"loc":{"start":{"line":74,"column":11},"end":{"line":74,"column":65}},"type":"cond-expr","locations":[{"start":{"line":74,"column":27},"end":{"line":74,"column":40}},{"start":{"line":74,"column":43},"end":{"line":74,"column":65}}]},"3":{"loc":{"start":{"line":75,"column":6},"end":{"line":75,"column":45}},"type":"binary-expr","locations":[{"start":{"line":75,"column":6},"end":{"line":75,"column":19}},{"start":{"line":75,"column":23},"end":{"line":75,"column":45}}]}},"s":{"0":2,"1":2,"2":2,"3":2,"4":2,"5":2,"6":2,"7":2,"8":2,"9":2,"10":2,"11":2,"12":2,"13":2,"14":2,"15":14,"16":0,"17":14,"18":2,"19":2,"20":2,"21":2,"22":0,"23":2,"24":0,"25":0,"26":0,"27":2,"28":2},"f":{"0":14,"1":0,"2":0,"3":0},"b":{"0":[2,0],"1":[0,0],"2":[0,0],"3":[0,0]}}
,"C:\\Users\\FELIX ZAYAS\\abp_5dsm\\backend\\src\\config\\database.ts": {"path":"C:\\Users\\FELIX ZAYAS\\abp_5dsm\\backend\\src\\config\\database.ts","statementMap":{"0":{"start":{"line":1,"column":0},"end":{"line":1,"column":45}},"1":{"start":{"line":8,"column":13},"end":{"line":12,"column":null}},"2":{"start":{"line":14,"column":0},"end":{"line":16,"column":1}},"3":{"start":{"line":15,"column":4},"end":{"line":15,"column":null}},"4":{"start":{"line":18,"column":0},"end":{"line":18,"column":22}}},"fnMap":{},"branchMap":{"0":{"loc":{"start":{"line":9,"column":4},"end":{"line":12,"column":6}},"type":"binary-expr","locations":[{"start":{"line":9,"column":4},"end":{"line":9,"column":21}},{"start":{"line":10,"column":4},"end":{"line":12,"column":6}}]},"1":{"loc":{"start":{"line":14,"column":0},"end":{"line":16,"column":1}},"type":"if","locations":[{"start":{"line":14,"column":0},"end":{"line":16,"column":1}},{"start":{},"end":{}}]}},"s":{"0":2,"1":2,"2":2,"3":2,"4":2},"f":{},"b":{"0":[2,2],"1":[2,0]}}
,"C:\\Users\\FELIX ZAYAS\\abp_5dsm\\backend\\src\\controllers\\alunoController.ts": {"path":"C:\\Users\\FELIX ZAYAS\\abp_5dsm\\backend\\src\\controllers\\alunoController.ts","statementMap":{"0":{"start":{"line":2,"column":0},"end":{"line":2,"column":44}},"1":{"start":{"line":3,"column":0},"end":{"line":3,"column":40}},"2":{"start":{"line":8,"column":4},"end":{"line":65,"column":5}},"3":{"start":{"line":9,"column":66},"end":{"line":9,"column":75}},"4":{"start":{"line":10,"column":19},"end":{"line":10,"column":53}},"5":{"start":{"line":12,"column":44},"end":{"line":21,"column":8}},"6":{"start":{"line":23,"column":30},"end":{"line":51,"column":8}},"7":{"start":{"line":53,"column":6},"end":{"line":61,"column":9}},"8":{"start":{"line":63,"column":6},"end":{"line":63,"column":55}},"9":{"start":{"line":64,"column":6},"end":{"line":64,"column":63}},"10":{"start":{"line":70,"column":4},"end":{"line":122,"column":5}},"11":{"start":{"line":71,"column":21},"end":{"line":71,"column":31}},"12":{"start":{"line":73,"column":20},"end":{"line":112,"column":8}},"13":{"start":{"line":114,"column":6},"end":{"line":116,"column":7}},"14":{"start":{"line":115,"column":8},"end":{"line":115,"column":68}},"15":{"start":{"line":118,"column":6},"end":{"line":118,"column":22}},"16":{"start":{"line":120,"column":6},"end":{"line":120,"column":54}},"17":{"start":{"line":121,"column":6},"end":{"line":121,"column":63}},"18":{"start":{"line":127,"column":4},"end":{"line":173,"column":5}},"19":{"start":{"line":128,"column":56},"end":{"line":128,"column":64}},"20":{"start":{"line":130,"column":6},"end":{"line":132,"column":7}},"21":{"start":{"line":131,"column":8},"end":{"line":131,"column":90}},"22":{"start":{"line":135,"column":20},"end":{"line":137,"column":8}},"23":{"start":{"line":139,"column":6},"end":{"line":141,"column":7}},"24":{"start":{"line":140,"column":8},"end":{"line":140,"column":67}},"25":{"start":{"line":143,"column":20},"end":{"line":164,"column":8}},"26":{"start":{"line":166,"column":6},"end":{"line":166,"column":34}},"27":{"start":{"line":168,"column":6},"end":{"line":168,"column":54}},"28":{"start":{"line":169,"column":6},"end":{"line":171,"column":7}},"29":{"start":{"line":170,"column":12},"end":{"line":170,"column":75}},"30":{"start":{"line":172,"column":6},"end":{"line":172,"column":63}},"31":{"start":{"line":178,"column":4},"end":{"line":229,"column":5}},"32":{"start":{"line":179,"column":21},"end":{"line":179,"column":31}},"33":{"start":{"line":180,"column":56},"end":{"line":180,"column":64}},"34":{"start":{"line":183,"column":6},"end":{"line":191,"column":7}},"35":{"start":{"line":184,"column":22},"end":{"line":186,"column":10}},"36":{"start":{"line":188,"column":8},"end":{"line":190,"column":9}},"37":{"start":{"line":189,"column":10},"end":{"line":189,"column":69}},"38":{"start":{"line":193,"column":20},"end":{"line":215,"column":8}},"39":{"start":{"line":217,"column":6},"end":{"line":217,"column":22}},"40":{"start":{"line":219,"column":6},"end":{"line":219,"column":54}},"41":{"start":{"line":220,"column":6},"end":{"line":227,"column":7}},"42":{"start":{"line":221,"column":8},"end":{"line":223,"column":9}},"43":{"start":{"line":222,"column":10},"end":{"line":222,"column":70}},"44":{"start":{"line":224,"column":8},"end":{"line":226,"column":9}},"45":{"start":{"line":225,"column":10},"end":{"line":225,"column":73}},"46":{"start":{"line":228,"column":6},"end":{"line":228,"column":63}},"47":{"start":{"line":234,"column":4},"end":{"line":253,"column":5}},"48":{"start":{"line":235,"column":21},"end":{"line":235,"column":31}},"49":{"start":{"line":237,"column":6},"end":{"line":239,"column":9}},"50":{"start":{"line":241,"column":6},"end":{"line":241,"column":29}},"51":{"start":{"line":243,"column":6},"end":{"line":243,"column":54}},"52":{"start":{"line":244,"column":6},"end":{"line":251,"column":7}},"53":{"start":{"line":245,"column":8},"end":{"line":247,"column":9}},"54":{"start":{"line":246,"column":10},"end":{"line":246,"column":70}},"55":{"start":{"line":248,"column":8},"end":{"line":250,"column":9}},"56":{"start":{"line":249,"column":10},"end":{"line":249,"column":102}},"57":{"start":{"line":252,"column":6},"end":{"line":252,"column":63}},"58":{"start":{"line":258,"column":4},"end":{"line":283,"column":5}},"59":{"start":{"line":259,"column":26},"end":{"line":259,"column":36}},"60":{"start":{"line":260,"column":27},"end":{"line":260,"column":36}},"61":{"start":{"line":262,"column":44},"end":{"line":265,"column":8}},"62":{"start":{"line":267,"column":21},"end":{"line":277,"column":8}},"63":{"start":{"line":279,"column":6},"end":{"line":279,"column":23}},"64":{"start":{"line":281,"column":6},"end":{"line":281,"column":65}},"65":{"start":{"line":282,"column":6},"end":{"line":282,"column":63}},"66":{"start":{"line":288,"column":4},"end":{"line":325,"column":5}},"67":{"start":{"line":289,"column":21},"end":{"line":289,"column":31}},"68":{"start":{"line":290,"column":36},"end":{"line":290,"column":45}},"69":{"start":{"line":292,"column":48},"end":{"line":296,"column":8}},"70":{"start":{"line":298,"column":25},"end":{"line":319,"column":8}},"71":{"start":{"line":321,"column":6},"end":{"line":321,"column":27}},"72":{"start":{"line":323,"column":6},"end":{"line":323,"column":66}},"73":{"start":{"line":324,"column":6},"end":{"line":324,"column":63}},"74":{"start":{"line":330,"column":2},"end":{"line":365,"column":3}},"75":{"start":{"line":331,"column":19},"end":{"line":331,"column":29}},"76":{"start":{"line":334,"column":18},"end":{"line":347,"column":6}},"77":{"start":{"line":349,"column":4},"end":{"line":351,"column":5}},"78":{"start":{"line":350,"column":6},"end":{"line":350,"column":70}},"79":{"start":{"line":354,"column":21},"end":{"line":359,"column":7}},"80":{"start":{"line":354,"column":128},"end":{"line":359,"column":6}},"81":{"start":{"line":361,"column":4},"end":{"line":361,"column":30}},"82":{"start":{"line":363,"column":4},"end":{"line":363,"column":65}},"83":{"start":{"line":364,"column":4},"end":{"line":364,"column":82}},"84":{"start":{"line":370,"column":4},"end":{"line":484,"column":5}},"85":{"start":{"line":371,"column":28},"end":{"line":371,"column":38}},"86":{"start":{"line":372,"column":49},"end":{"line":372,"column":null}},"87":{"start":{"line":378,"column":25},"end":{"line":381,"column":8}},"88":{"start":{"line":383,"column":6},"end":{"line":385,"column":7}},"89":{"start":{"line":384,"column":8},"end":{"line":384,"column":76}},"90":{"start":{"line":388,"column":57},"end":{"line":390,"column":8}},"91":{"start":{"line":392,"column":6},"end":{"line":397,"column":7}},"92":{"start":{"line":393,"column":8},"end":{"line":393,"column":53}},"93":{"start":{"line":394,"column":13},"end":{"line":397,"column":7}},"94":{"start":{"line":396,"column":8},"end":{"line":396,"column":49}},"95":{"start":{"line":400,"column":25},"end":{"line":413,"column":8}},"96":{"start":{"line":415,"column":6},"end":{"line":417,"column":7}},"97":{"start":{"line":416,"column":8},"end":{"line":416,"column":28}},"98":{"start":{"line":420,"column":27},"end":{"line":420,"column":61}},"99":{"start":{"line":420,"column":47},"end":{"line":420,"column":60}},"100":{"start":{"line":422,"column":26},"end":{"line":435,"column":8}},"101":{"start":{"line":439,"column":58},"end":{"line":439,"column":60}},"102":{"start":{"line":441,"column":6},"end":{"line":445,"column":7}},"103":{"start":{"line":442,"column":23},"end":{"line":442,"column":94}},"104":{"start":{"line":443,"column":8},"end":{"line":443,"column":89}},"105":{"start":{"line":443,"column":67},"end":{"line":443,"column":89}},"106":{"start":{"line":444,"column":8},"end":{"line":444,"column":77}},"107":{"start":{"line":444,"column":59},"end":{"line":444,"column":77}},"108":{"start":{"line":448,"column":21},"end":{"line":478,"column":8}},"109":{"start":{"line":449,"column":21},"end":{"line":449,"column":57}},"110":{"start":{"line":450,"column":21},"end":{"line":450,"column":36}},"111":{"start":{"line":451,"column":21},"end":{"line":451,"column":32}},"112":{"start":{"line":455,"column":10},"end":{"line":457,"column":18}},"113":{"start":{"line":460,"column":62},"end":{"line":460,"column":66}},"114":{"start":{"line":461,"column":8},"end":{"line":465,"column":9}},"115":{"start":{"line":462,"column":20},"end":{"line":462,"column":52}},"116":{"start":{"line":463,"column":10},"end":{"line":464,"column":83}},"117":{"start":{"line":463,"column":29},"end":{"line":463,"column":52}},"118":{"start":{"line":464,"column":15},"end":{"line":464,"column":83}},"119":{"start":{"line":464,"column":59},"end":{"line":464,"column":83}},"120":{"start":{"line":466,"column":8},"end":{"line":469,"column":9}},"121":{"start":{"line":467,"column":20},"end":{"line":467,"column":38}},"122":{"start":{"line":468,"column":10},"end":{"line":468,"column":74}},"123":{"start":{"line":471,"column":8},"end":{"line":477,"column":10}},"124":{"start":{"line":480,"column":6},"end":{"line":480,"column":30}},"125":{"start":{"line":482,"column":6},"end":{"line":482,"column":68}},"126":{"start":{"line":483,"column":6},"end":{"line":483,"column":73}},"127":{"start":{"line":5,"column":0},"end":{"line":5,"column":13}}},"fnMap":{"0":{"name":"(anonymous_0)","decl":{"start":{"line":7,"column":2},"end":{"line":7,"column":8}},"loc":{"start":{"line":7,"column":49},"end":{"line":66,"column":3}}},"1":{"name":"(anonymous_1)","decl":{"start":{"line":69,"column":2},"end":{"line":69,"column":8}},"loc":{"start":{"line":69,"column":50},"end":{"line":123,"column":3}}},"2":{"name":"(anonymous_2)","decl":{"start":{"line":126,"column":2},"end":{"line":126,"column":8}},"loc":{"start":{"line":126,"column":49},"end":{"line":174,"column":3}}},"3":{"name":"(anonymous_3)","decl":{"start":{"line":177,"column":2},"end":{"line":177,"column":8}},"loc":{"start":{"line":177,"column":49},"end":{"line":230,"column":3}}},"4":{"name":"(anonymous_4)","decl":{"start":{"line":233,"column":2},"end":{"line":233,"column":8}},"loc":{"start":{"line":233,"column":49},"end":{"line":254,"column":3}}},"5":{"name":"(anonymous_5)","decl":{"start":{"line":257,"column":2},"end":{"line":257,"column":8}},"loc":{"start":{"line":257,"column":54},"end":{"line":284,"column":3}}},"6":{"name":"(anonymous_6)","decl":{"start":{"line":287,"column":2},"end":{"line":287,"column":8}},"loc":{"start":{"line":287,"column":57},"end":{"line":326,"column":3}}},"7":{"name":"(anonymous_7)","decl":{"start":{"line":329,"column":0},"end":{"line":329,"column":6}},"loc":{"start":{"line":329,"column":61},"end":{"line":366,"column":2}}},"8":{"name":"(anonymous_8)","decl":{"start":{"line":354,"column":42},"end":{"line":354,"column":43}},"loc":{"start":{"line":354,"column":128},"end":{"line":359,"column":6}}},"9":{"name":"(anonymous_9)","decl":{"start":{"line":369,"column":1},"end":{"line":369,"column":7}},"loc":{"start":{"line":369,"column":67},"end":{"line":485,"column":3}}},"10":{"name":"(anonymous_10)","decl":{"start":{"line":420,"column":42},"end":{"line":420,"column":43}},"loc":{"start":{"line":420,"column":47},"end":{"line":420,"column":60}}},"11":{"name":"(anonymous_11)","decl":{"start":{"line":448,"column":36},"end":{"line":448,"column":37}},"loc":{"start":{"line":448,"column":40},"end":{"line":478,"column":7}}}},"branchMap":{"0":{"loc":{"start":{"line":9,"column":14},"end":{"line":9,"column":22}},"type":"default-arg","locations":[{"start":{"line":9,"column":21},"end":{"line":9,"column":22}}]},"1":{"loc":{"start":{"line":9,"column":24},"end":{"line":9,"column":34}},"type":"default-arg","locations":[{"start":{"line":9,"column":32},"end":{"line":9,"column":34}}]},"2":{"loc":{"start":{"line":13,"column":12},"end":{"line":18,"column":10}},"type":"binary-expr","locations":[{"start":{"line":13,"column":12},"end":{"line":13,"column":18}},{"start":{"line":13,"column":22},"end":{"line":18,"column":10}}]},"3":{"loc":{"start":{"line":19,"column":12},"end":{"line":19,"column":51}},"type":"binary-expr","locations":[{"start":{"line":19,"column":12},"end":{"line":19,"column":19}},{"start":{"line":19,"column":23},"end":{"line":19,"column":51}}]},"4":{"loc":{"start":{"line":20,"column":12},"end":{"line":20,"column":54}},"type":"binary-expr","locations":[{"start":{"line":20,"column":12},"end":{"line":20,"column":20}},{"start":{"line":20,"column":24},"end":{"line":20,"column":54}}]},"5":{"loc":{"start":{"line":114,"column":6},"end":{"line":116,"column":7}},"type":"if","locations":[{"start":{"line":114,"column":6},"end":{"line":116,"column":7}},{"start":{},"end":{}}]},"6":{"loc":{"start":{"line":130,"column":6},"end":{"line":132,"column":7}},"type":"if","locations":[{"start":{"line":130,"column":6},"end":{"line":132,"column":7}},{"start":{},"end":{}}]},"7":{"loc":{"start":{"line":130,"column":10},"end":{"line":130,"column":37}},"type":"binary-expr","locations":[{"start":{"line":130,"column":10},"end":{"line":130,"column":15}},{"start":{"line":130,"column":19},"end":{"line":130,"column":25}},{"start":{"line":130,"column":29},"end":{"line":130,"column":37}}]},"8":{"loc":{"start":{"line":139,"column":6},"end":{"line":141,"column":7}},"type":"if","locations":[{"start":{"line":139,"column":6},"end":{"line":141,"column":7}},{"start":{},"end":{}}]},"9":{"loc":{"start":{"line":169,"column":6},"end":{"line":171,"column":7}},"type":"if","locations":[{"start":{"line":169,"column":6},"end":{"line":171,"column":7}},{"start":{},"end":{}}]},"10":{"loc":{"start":{"line":169,"column":10},"end":{"line":169,"column":89}},"type":"binary-expr","locations":[{"start":{"line":169,"column":10},"end":{"line":169,"column":63}},{"start":{"line":169,"column":67},"end":{"line":169,"column":89}}]},"11":{"loc":{"start":{"line":183,"column":6},"end":{"line":191,"column":7}},"type":"if","locations":[{"start":{"line":183,"column":6},"end":{"line":191,"column":7}},{"start":{},"end":{}}]},"12":{"loc":{"start":{"line":188,"column":8},"end":{"line":190,"column":9}},"type":"if","locations":[{"start":{"line":188,"column":8},"end":{"line":190,"column":9}},{"start":{},"end":{}}]},"13":{"loc":{"start":{"line":220,"column":6},"end":{"line":227,"column":7}},"type":"if","locations":[{"start":{"line":220,"column":6},"end":{"line":227,"column":7}},{"start":{},"end":{}}]},"14":{"loc":{"start":{"line":221,"column":8},"end":{"line":223,"column":9}},"type":"if","locations":[{"start":{"line":221,"column":8},"end":{"line":223,"column":9}},{"start":{},"end":{}}]},"15":{"loc":{"start":{"line":224,"column":8},"end":{"line":226,"column":9}},"type":"if","locations":[{"start":{"line":224,"column":8},"end":{"line":226,"column":9}},{"start":{},"end":{}}]},"16":{"loc":{"start":{"line":244,"column":6},"end":{"line":251,"column":7}},"type":"if","locations":[{"start":{"line":244,"column":6},"end":{"line":251,"column":7}},{"start":{},"end":{}}]},"17":{"loc":{"start":{"line":245,"column":8},"end":{"line":247,"column":9}},"type":"if","locations":[{"start":{"line":245,"column":8},"end":{"line":247,"column":9}},{"start":{},"end":{}}]},"18":{"loc":{"start":{"line":248,"column":8},"end":{"line":250,"column":9}},"type":"if","locations":[{"start":{"line":248,"column":8},"end":{"line":250,"column":9}},{"start":{},"end":{}}]},"19":{"loc":{"start":{"line":264,"column":12},"end":{"line":264,"column":54}},"type":"binary-expr","locations":[{"start":{"line":264,"column":12},"end":{"line":264,"column":20}},{"start":{"line":264,"column":24},"end":{"line":264,"column":54}}]},"20":{"loc":{"start":{"line":294,"column":12},"end":{"line":294,"column":47}},"type":"binary-expr","locations":[{"start":{"line":294,"column":12},"end":{"line":294,"column":18}},{"start":{"line":294,"column":22},"end":{"line":294,"column":47}}]},"21":{"loc":{"start":{"line":295,"column":12},"end":{"line":295,"column":57}},"type":"binary-expr","locations":[{"start":{"line":295,"column":12},"end":{"line":295,"column":21}},{"start":{"line":295,"column":25},"end":{"line":295,"column":57}}]},"22":{"loc":{"start":{"line":349,"column":4},"end":{"line":351,"column":5}},"type":"if","locations":[{"start":{"line":349,"column":4},"end":{"line":351,"column":5}},{"start":{},"end":{}}]},"23":{"loc":{"start":{"line":372,"column":25},"end":{"line":372,"column":44}},"type":"default-arg","locations":[{"start":{"line":372,"column":38},"end":{"line":372,"column":44}}]},"24":{"loc":{"start":{"line":383,"column":6},"end":{"line":385,"column":7}},"type":"if","locations":[{"start":{"line":383,"column":6},"end":{"line":385,"column":7}},{"start":{},"end":{}}]},"25":{"loc":{"start":{"line":392,"column":6},"end":{"line":397,"column":7}},"type":"if","locations":[{"start":{"line":392,"column":6},"end":{"line":397,"column":7}},{"start":{"line":394,"column":13},"end":{"line":397,"column":7}}]},"26":{"loc":{"start":{"line":394,"column":13},"end":{"line":397,"column":7}},"type":"if","locations":[{"start":{"line":394,"column":13},"end":{"line":397,"column":7}},{"start":{},"end":{}}]},"27":{"loc":{"start":{"line":415,"column":6},"end":{"line":417,"column":7}},"type":"if","locations":[{"start":{"line":415,"column":6},"end":{"line":417,"column":7}},{"start":{},"end":{}}]},"28":{"loc":{"start":{"line":442,"column":23},"end":{"line":442,"column":94}},"type":"binary-expr","locations":[{"start":{"line":442,"column":23},"end":{"line":442,"column":53}},{"start":{"line":442,"column":58},"end":{"line":442,"column":93}}]},"29":{"loc":{"start":{"line":443,"column":8},"end":{"line":443,"column":89}},"type":"if","locations":[{"start":{"line":443,"column":8},"end":{"line":443,"column":89}},{"start":{},"end":{}}]},"30":{"loc":{"start":{"line":443,"column":12},"end":{"line":443,"column":65}},"type":"binary-expr","locations":[{"start":{"line":443,"column":12},"end":{"line":443,"column":43}},{"start":{"line":443,"column":47},"end":{"line":443,"column":65}}]},"31":{"loc":{"start":{"line":444,"column":8},"end":{"line":444,"column":77}},"type":"if","locations":[{"start":{"line":444,"column":8},"end":{"line":444,"column":77}},{"start":{},"end":{}}]},"32":{"loc":{"start":{"line":444,"column":12},"end":{"line":444,"column":57}},"type":"binary-expr","locations":[{"start":{"line":444,"column":12},"end":{"line":444,"column":39}},{"start":{"line":444,"column":43},"end":{"line":444,"column":57}}]},"33":{"loc":{"start":{"line":449,"column":21},"end":{"line":449,"column":57}},"type":"binary-expr","locations":[{"start":{"line":449,"column":21},"end":{"line":449,"column":51}},{"start":{"line":449,"column":55},"end":{"line":449,"column":57}}]},"34":{"loc":{"start":{"line":455,"column":10},"end":{"line":457,"column":18}},"type":"cond-expr","locations":[{"start":{"line":456,"column":14},"end":{"line":456,"column":56}},{"start":{"line":457,"column":14},"end":{"line":457,"column":18}}]},"35":{"loc":{"start":{"line":461,"column":8},"end":{"line":465,"column":9}},"type":"if","locations":[{"start":{"line":461,"column":8},"end":{"line":465,"column":9}},{"start":{},"end":{}}]},"36":{"loc":{"start":{"line":463,"column":10},"end":{"line":464,"column":83}},"type":"if","locations":[{"start":{"line":463,"column":10},"end":{"line":464,"column":83}},{"start":{"line":464,"column":15},"end":{"line":464,"column":83}}]},"37":{"loc":{"start":{"line":464,"column":15},"end":{"line":464,"column":83}},"type":"if","locations":[{"start":{"line":464,"column":15},"end":{"line":464,"column":83}},{"start":{},"end":{}}]},"38":{"loc":{"start":{"line":466,"column":8},"end":{"line":469,"column":9}},"type":"if","locations":[{"start":{"line":466,"column":8},"end":{"line":469,"column":9}},{"start":{},"end":{}}]},"39":{"loc":{"start":{"line":466,"column":12},"end":{"line":466,"column":68}},"type":"binary-expr","locations":[{"start":{"line":466,"column":12},"end":{"line":466,"column":25}},{"start":{"line":466,"column":29},"end":{"line":466,"column":68}}]},"40":{"loc":{"start":{"line":468,"column":25},"end":{"line":468,"column":73}},"type":"cond-expr","locations":[{"start":{"line":468,"column":36},"end":{"line":468,"column":43}},{"start":{"line":468,"column":46},"end":{"line":468,"column":73}}]},"41":{"loc":{"start":{"line":468,"column":46},"end":{"line":468,"column":73}},"type":"cond-expr","locations":[{"start":{"line":468,"column":57},"end":{"line":468,"column":64}},{"start":{"line":468,"column":67},"end":{"line":468,"column":73}}]}},"s":{"0":2,"1":2,"2":1,"3":1,"4":1,"5":1,"6":1,"7":1,"8":0,"9":0,"10":1,"11":1,"12":1,"13":1,"14":0,"15":1,"16":0,"17":0,"18":3,"19":3,"20":3,"21":0,"22":3,"23":3,"24":1,"25":2,"26":1,"27":1,"28":1,"29":1,"30":0,"31":2,"32":2,"33":2,"34":2,"35":1,"36":1,"37":0,"38":2,"39":1,"40":1,"41":1,"42":1,"43":1,"44":0,"45":0,"46":0,"47":2,"48":2,"49":2,"50":1,"51":1,"52":1,"53":1,"54":1,"55":0,"56":0,"57":0,"58":0,"59":0,"60":0,"61":0,"62":0,"63":0,"64":0,"65":0,"66":0,"67":0,"68":0,"69":0,"70":0,"71":0,"72":0,"73":0,"74":0,"75":0,"76":0,"77":0,"78":0,"79":0,"80":0,"81":0,"82":0,"83":0,"84":0,"85":0,"86":0,"87":0,"88":0,"89":0,"90":0,"91":0,"92":0,"93":0,"94":0,"95":0,"96":0,"97":0,"98":0,"99":0,"100":0,"101":0,"102":0,"103":0,"104":0,"105":0,"106":0,"107":0,"108":0,"109":0,"110":0,"111":0,"112":0,"113":0,"114":0,"115":0,"116":0,"117":0,"118":0,"119":0,"120":0,"121":0,"122":0,"123":0,"124":0,"125":0,"126":0,"127":2},"f":{"0":1,"1":1,"2":3,"3":2,"4":2,"5":0,"6":0,"7":0,"8":0,"9":0,"10":0,"11":0},"b":{"0":[1],"1":[1],"2":[1,0],"3":[1,0],"4":[1,0],"5":[0,1],"6":[0,3],"7":[3,3,3],"8":[1,2],"9":[1,0],"10":[1,1],"11":[1,1],"12":[0,1],"13":[1,0],"14":[1,0],"15":[0,0],"16":[1,0],"17":[1,0],"18":[0,0],"19":[0,0],"20":[0,0],"21":[0,0],"22":[0,0],"23":[0],"24":[0,0],"25":[0,0],"26":[0,0],"27":[0,0],"28":[0,0],"29":[0,0],"30":[0,0],"31":[0,0],"32":[0,0],"33":[0,0],"34":[0,0],"35":[0,0],"36":[0,0],"37":[0,0],"38":[0,0],"39":[0,0],"40":[0,0],"41":[0,0]}}
,"C:\\Users\\FELIX ZAYAS\\abp_5dsm\\backend\\src\\controllers\\authController.ts": {"path":"C:\\Users\\FELIX ZAYAS\\abp_5dsm\\backend\\src\\controllers\\authController.ts","statementMap":{"0":{"start":{"line":2,"column":0},"end":{"line":2,"column":27}},"1":{"start":{"line":3,"column":0},"end":{"line":3,"column":30}},"2":{"start":{"line":4,"column":0},"end":{"line":4,"column":43}},"3":{"start":{"line":5,"column":0},"end":{"line":5,"column":41}},"4":{"start":{"line":6,"column":0},"end":{"line":6,"column":70}},"5":{"start":{"line":7,"column":0},"end":{"line":7,"column":64}},"6":{"start":{"line":12,"column":4},"end":{"line":49,"column":5}},"7":{"start":{"line":13,"column":69},"end":{"line":13,"column":77}},"8":{"start":{"line":15,"column":6},"end":{"line":17,"column":7}},"9":{"start":{"line":16,"column":8},"end":{"line":16,"column":null}},"10":{"start":{"line":20,"column":27},"end":{"line":22,"column":8}},"11":{"start":{"line":24,"column":6},"end":{"line":26,"column":7}},"12":{"start":{"line":25,"column":8},"end":{"line":25,"column":null}},"13":{"start":{"line":29,"column":19},"end":{"line":43,"column":8}},"14":{"start":{"line":45,"column":6},"end":{"line":45,"column":null}},"15":{"start":{"line":47,"column":6},"end":{"line":47,"column":null}},"16":{"start":{"line":48,"column":6},"end":{"line":48,"column":null}},"17":{"start":{"line":54,"column":4},"end":{"line":105,"column":5}},"18":{"start":{"line":55,"column":34},"end":{"line":55,"column":42}},"19":{"start":{"line":57,"column":6},"end":{"line":59,"column":7}},"20":{"start":{"line":58,"column":8},"end":{"line":58,"column":null}},"21":{"start":{"line":61,"column":19},"end":{"line":71,"column":8}},"22":{"start":{"line":73,"column":6},"end":{"line":75,"column":7}},"23":{"start":{"line":74,"column":8},"end":{"line":74,"column":null}},"24":{"start":{"line":78,"column":22},"end":{"line":78,"column":71}},"25":{"start":{"line":79,"column":6},"end":{"line":81,"column":7}},"26":{"start":{"line":80,"column":8},"end":{"line":80,"column":null}},"27":{"start":{"line":84,"column":24},"end":{"line":84,"column":103}},"28":{"start":{"line":85,"column":20},"end":{"line":93,"column":null}},"29":{"start":{"line":96,"column":55},"end":{"line":96,"column":59}},"30":{"start":{"line":97,"column":6},"end":{"line":101,"column":null}},"31":{"start":{"line":103,"column":6},"end":{"line":103,"column":null}},"32":{"start":{"line":104,"column":6},"end":{"line":104,"column":null}},"33":{"start":{"line":110,"column":4},"end":{"line":144,"column":5}},"34":{"start":{"line":111,"column":20},"end":{"line":111,"column":43}},"35":{"start":{"line":113,"column":6},"end":{"line":115,"column":7}},"36":{"start":{"line":114,"column":8},"end":{"line":114,"column":null}},"37":{"start":{"line":117,"column":31},"end":{"line":117,"column":92}},"38":{"start":{"line":119,"column":6},"end":{"line":121,"column":7}},"39":{"start":{"line":120,"column":8},"end":{"line":120,"column":null}},"40":{"start":{"line":123,"column":39},"end":{"line":123,"column":55}},"41":{"start":{"line":125,"column":6},"end":{"line":134,"column":7}},"42":{"start":{"line":126,"column":8},"end":{"line":131,"column":null}},"43":{"start":{"line":133,"column":8},"end":{"line":133,"column":null}},"44":{"start":{"line":136,"column":6},"end":{"line":136,"column":null}},"45":{"start":{"line":138,"column":6},"end":{"line":140,"column":7}},"46":{"start":{"line":139,"column":8},"end":{"line":139,"column":null}},"47":{"start":{"line":142,"column":6},"end":{"line":142,"column":null}},"48":{"start":{"line":143,"column":6},"end":{"line":143,"column":null}},"49":{"start":{"line":149,"column":4},"end":{"line":186,"column":5}},"50":{"start":{"line":150,"column":6},"end":{"line":152,"column":7}},"51":{"start":{"line":151,"column":8},"end":{"line":151,"column":null}},"52":{"start":{"line":154,"column":19},"end":{"line":176,"column":8}},"53":{"start":{"line":178,"column":6},"end":{"line":180,"column":7}},"54":{"start":{"line":179,"column":8},"end":{"line":179,"column":null}},"55":{"start":{"line":182,"column":6},"end":{"line":182,"column":null}},"56":{"start":{"line":184,"column":6},"end":{"line":184,"column":null}},"57":{"start":{"line":185,"column":6},"end":{"line":185,"column":null}},"58":{"start":{"line":191,"column":4},"end":{"line":219,"column":5}},"59":{"start":{"line":192,"column":21},"end":{"line":192,"column":31}},"60":{"start":{"line":193,"column":31},"end":{"line":193,"column":39}},"61":{"start":{"line":195,"column":6},"end":{"line":197,"column":7}},"62":{"start":{"line":196,"column":8},"end":{"line":196,"column":null}},"63":{"start":{"line":199,"column":27},"end":{"line":201,"column":8}},"64":{"start":{"line":203,"column":6},"end":{"line":205,"column":7}},"65":{"start":{"line":204,"column":8},"end":{"line":204,"column":null}},"66":{"start":{"line":207,"column":25},"end":{"line":207,"column":27}},"67":{"start":{"line":208,"column":29},"end":{"line":208,"column":72}},"68":{"start":{"line":210,"column":6},"end":{"line":213,"column":null}},"69":{"start":{"line":215,"column":6},"end":{"line":215,"column":null}},"70":{"start":{"line":217,"column":6},"end":{"line":217,"column":null}},"71":{"start":{"line":218,"column":6},"end":{"line":218,"column":null}},"72":{"start":{"line":9,"column":0},"end":{"line":9,"column":13}}},"fnMap":{"0":{"name":"(anonymous_1)","decl":{"start":{"line":11,"column":2},"end":{"line":11,"column":8}},"loc":{"start":{"line":11,"column":51},"end":{"line":50,"column":3}}},"1":{"name":"(anonymous_2)","decl":{"start":{"line":53,"column":2},"end":{"line":53,"column":8}},"loc":{"start":{"line":53,"column":48},"end":{"line":106,"column":3}}},"2":{"name":"(anonymous_3)","decl":{"start":{"line":109,"column":2},"end":{"line":109,"column":8}},"loc":{"start":{"line":109,"column":57},"end":{"line":145,"column":3}}},"3":{"name":"(anonymous_4)","decl":{"start":{"line":148,"column":2},"end":{"line":148,"column":8}},"loc":{"start":{"line":148,"column":45},"end":{"line":187,"column":3}}},"4":{"name":"(anonymous_5)","decl":{"start":{"line":190,"column":2},"end":{"line":190,"column":8}},"loc":{"start":{"line":190,"column":57},"end":{"line":220,"column":3}}}},"branchMap":{"0":{"loc":{"start":{"line":13,"column":35},"end":{"line":13,"column":58}},"type":"default-arg","locations":[{"start":{"line":13,"column":42},"end":{"line":13,"column":58}}]},"1":{"loc":{"start":{"line":15,"column":6},"end":{"line":17,"column":7}},"type":"if","locations":[{"start":{"line":15,"column":6},"end":{"line":17,"column":7}},{"start":{},"end":{}}]},"2":{"loc":{"start":{"line":15,"column":10},"end":{"line":15,"column":42}},"type":"binary-expr","locations":[{"start":{"line":15,"column":10},"end":{"line":15,"column":16}},{"start":{"line":15,"column":20},"end":{"line":15,"column":33}},{"start":{"line":15,"column":37},"end":{"line":15,"column":42}}]},"3":{"loc":{"start":{"line":24,"column":6},"end":{"line":26,"column":7}},"type":"if","locations":[{"start":{"line":24,"column":6},"end":{"line":26,"column":7}},{"start":{},"end":{}}]},"4":{"loc":{"start":{"line":57,"column":6},"end":{"line":59,"column":7}},"type":"if","locations":[{"start":{"line":57,"column":6},"end":{"line":59,"column":7}},{"start":{},"end":{}}]},"5":{"loc":{"start":{"line":57,"column":10},"end":{"line":57,"column":29}},"type":"binary-expr","locations":[{"start":{"line":57,"column":10},"end":{"line":57,"column":16}},{"start":{"line":57,"column":20},"end":{"line":57,"column":29}}]},"6":{"loc":{"start":{"line":73,"column":6},"end":{"line":75,"column":7}},"type":"if","locations":[{"start":{"line":73,"column":6},"end":{"line":75,"column":7}},{"start":{},"end":{}}]},"7":{"loc":{"start":{"line":79,"column":6},"end":{"line":81,"column":7}},"type":"if","locations":[{"start":{"line":79,"column":6},"end":{"line":81,"column":7}},{"start":{},"end":{}}]},"8":{"loc":{"start":{"line":84,"column":24},"end":{"line":84,"column":103}},"type":"binary-expr","locations":[{"start":{"line":84,"column":24},"end":{"line":84,"column":46}},{"start":{"line":84,"column":50},"end":{"line":84,"column":103}}]},"9":{"loc":{"start":{"line":113,"column":6},"end":{"line":115,"column":7}},"type":"if","locations":[{"start":{"line":113,"column":6},"end":{"line":115,"column":7}},{"start":{},"end":{}}]},"10":{"loc":{"start":{"line":119,"column":6},"end":{"line":121,"column":7}},"type":"if","locations":[{"start":{"line":119,"column":6},"end":{"line":121,"column":7}},{"start":{},"end":{}}]},"11":{"loc":{"start":{"line":138,"column":6},"end":{"line":140,"column":7}},"type":"if","locations":[{"start":{"line":138,"column":6},"end":{"line":140,"column":7}},{"start":{},"end":{}}]},"12":{"loc":{"start":{"line":138,"column":10},"end":{"line":138,"column":64}},"type":"binary-expr","locations":[{"start":{"line":138,"column":10},"end":{"line":138,"column":30}},{"start":{"line":138,"column":34},"end":{"line":138,"column":64}}]},"13":{"loc":{"start":{"line":150,"column":6},"end":{"line":152,"column":7}},"type":"if","locations":[{"start":{"line":150,"column":6},"end":{"line":152,"column":7}},{"start":{},"end":{}}]},"14":{"loc":{"start":{"line":178,"column":6},"end":{"line":180,"column":7}},"type":"if","locations":[{"start":{"line":178,"column":6},"end":{"line":180,"column":7}},{"start":{},"end":{}}]},"15":{"loc":{"start":{"line":195,"column":6},"end":{"line":197,"column":7}},"type":"if","locations":[{"start":{"line":195,"column":6},"end":{"line":197,"column":7}},{"start":{},"end":{}}]},"16":{"loc":{"start":{"line":203,"column":6},"end":{"line":205,"column":7}},"type":"if","locations":[{"start":{"line":203,"column":6},"end":{"line":205,"column":7}},{"start":{},"end":{}}]}},"s":{"0":2,"1":2,"2":2,"3":2,"4":2,"5":2,"6":0,"7":0,"8":0,"9":0,"10":0,"11":0,"12":0,"13":0,"14":0,"15":0,"16":0,"17":3,"18":3,"19":3,"20":0,"21":3,"22":3,"23":0,"24":3,"25":3,"26":1,"27":2,"28":2,"29":2,"30":2,"31":0,"32":0,"33":0,"34":0,"35":0,"36":0,"37":0,"38":0,"39":0,"40":0,"41":0,"42":0,"43":0,"44":0,"45":0,"46":0,"47":0,"48":0,"49":1,"50":1,"51":0,"52":1,"53":1,"54":0,"55":1,"56":0,"57":0,"58":1,"59":1,"60":1,"61":1,"62":0,"63":1,"64":1,"65":0,"66":1,"67":1,"68":1,"69":1,"70":0,"71":0,"72":2},"f":{"0":0,"1":3,"2":0,"3":1,"4":1},"b":{"0":[0],"1":[0,0],"2":[0,0,0],"3":[0,0],"4":[0,3],"5":[3,3],"6":[0,3],"7":[1,2],"8":[2,0],"9":[0,0],"10":[0,0],"11":[0,0],"12":[0,0],"13":[0,1],"14":[0,1],"15":[0,1],"16":[0,1]}}
,"C:\\Users\\FELIX ZAYAS\\abp_5dsm\\backend\\src\\controllers\\cursoController.ts": {"path":"C:\\Users\\FELIX ZAYAS\\abp_5dsm\\backend\\src\\controllers\\cursoController.ts","statementMap":{"0":{"start":{"line":2,"column":0},"end":{"line":2,"column":79}},"1":{"start":{"line":3,"column":0},"end":{"line":3,"column":44}},"2":{"start":{"line":9,"column":4},"end":{"line":52,"column":5}},"3":{"start":{"line":10,"column":47},"end":{"line":10,"column":56}},"4":{"start":{"line":11,"column":19},"end":{"line":11,"column":53}},"5":{"start":{"line":13,"column":44},"end":{"line":20,"column":8}},"6":{"start":{"line":22,"column":30},"end":{"line":38,"column":8}},"7":{"start":{"line":40,"column":6},"end":{"line":48,"column":9}},"8":{"start":{"line":50,"column":6},"end":{"line":50,"column":54}},"9":{"start":{"line":51,"column":6},"end":{"line":51,"column":63}},"10":{"start":{"line":57,"column":4},"end":{"line":86,"column":5}},"11":{"start":{"line":58,"column":21},"end":{"line":58,"column":31}},"12":{"start":{"line":60,"column":20},"end":{"line":76,"column":8}},"13":{"start":{"line":78,"column":6},"end":{"line":80,"column":7}},"14":{"start":{"line":79,"column":8},"end":{"line":79,"column":67}},"15":{"start":{"line":82,"column":6},"end":{"line":82,"column":22}},"16":{"start":{"line":84,"column":6},"end":{"line":84,"column":53}},"17":{"start":{"line":85,"column":6},"end":{"line":85,"column":63}},"18":{"start":{"line":91,"column":4},"end":{"line":122,"column":5}},"19":{"start":{"line":92,"column":41},"end":{"line":92,"column":49}},"20":{"start":{"line":94,"column":6},"end":{"line":96,"column":7}},"21":{"start":{"line":95,"column":8},"end":{"line":95,"column":74}},"22":{"start":{"line":98,"column":20},"end":{"line":111,"column":8}},"23":{"start":{"line":113,"column":6},"end":{"line":113,"column":34}},"24":{"start":{"line":115,"column":6},"end":{"line":115,"column":53}},"25":{"start":{"line":116,"column":6},"end":{"line":120,"column":7}},"26":{"start":{"line":117,"column":8},"end":{"line":119,"column":9}},"27":{"start":{"line":118,"column":10},"end":{"line":118,"column":68}},"28":{"start":{"line":121,"column":6},"end":{"line":121,"column":63}},"29":{"start":{"line":127,"column":4},"end":{"line":156,"column":5}},"30":{"start":{"line":128,"column":21},"end":{"line":128,"column":31}},"31":{"start":{"line":129,"column":41},"end":{"line":129,"column":49}},"32":{"start":{"line":131,"column":20},"end":{"line":145,"column":8}},"33":{"start":{"line":147,"column":6},"end":{"line":147,"column":22}},"34":{"start":{"line":149,"column":6},"end":{"line":149,"column":53}},"35":{"start":{"line":150,"column":6},"end":{"line":154,"column":7}},"36":{"start":{"line":151,"column":8},"end":{"line":153,"column":9}},"37":{"start":{"line":152,"column":10},"end":{"line":152,"column":69}},"38":{"start":{"line":155,"column":6},"end":{"line":155,"column":63}},"39":{"start":{"line":161,"column":4},"end":{"line":180,"column":5}},"40":{"start":{"line":162,"column":21},"end":{"line":162,"column":31}},"41":{"start":{"line":164,"column":6},"end":{"line":166,"column":9}},"42":{"start":{"line":168,"column":6},"end":{"line":168,"column":29}},"43":{"start":{"line":170,"column":6},"end":{"line":170,"column":53}},"44":{"start":{"line":171,"column":6},"end":{"line":178,"column":7}},"45":{"start":{"line":172,"column":8},"end":{"line":174,"column":9}},"46":{"start":{"line":173,"column":10},"end":{"line":173,"column":69}},"47":{"start":{"line":175,"column":8},"end":{"line":177,"column":9}},"48":{"start":{"line":176,"column":10},"end":{"line":176,"column":110}},"49":{"start":{"line":179,"column":6},"end":{"line":179,"column":63}},"50":{"start":{"line":6,"column":0},"end":{"line":6,"column":13}}},"fnMap":{"0":{"name":"(anonymous_0)","decl":{"start":{"line":8,"column":2},"end":{"line":8,"column":8}},"loc":{"start":{"line":8,"column":49},"end":{"line":53,"column":3}}},"1":{"name":"(anonymous_1)","decl":{"start":{"line":56,"column":2},"end":{"line":56,"column":8}},"loc":{"start":{"line":56,"column":50},"end":{"line":87,"column":3}}},"2":{"name":"(anonymous_2)","decl":{"start":{"line":90,"column":2},"end":{"line":90,"column":8}},"loc":{"start":{"line":90,"column":49},"end":{"line":123,"column":3}}},"3":{"name":"(anonymous_3)","decl":{"start":{"line":126,"column":2},"end":{"line":126,"column":8}},"loc":{"start":{"line":126,"column":49},"end":{"line":157,"column":3}}},"4":{"name":"(anonymous_4)","decl":{"start":{"line":160,"column":2},"end":{"line":160,"column":8}},"loc":{"start":{"line":160,"column":49},"end":{"line":181,"column":3}}}},"branchMap":{"0":{"loc":{"start":{"line":10,"column":14},"end":{"line":10,"column":22}},"type":"default-arg","locations":[{"start":{"line":10,"column":21},"end":{"line":10,"column":22}}]},"1":{"loc":{"start":{"line":10,"column":24},"end":{"line":10,"column":34}},"type":"default-arg","locations":[{"start":{"line":10,"column":32},"end":{"line":10,"column":34}}]},"2":{"loc":{"start":{"line":14,"column":12},"end":{"line":19,"column":10}},"type":"binary-expr","locations":[{"start":{"line":14,"column":12},"end":{"line":14,"column":18}},{"start":{"line":14,"column":22},"end":{"line":19,"column":10}}]},"3":{"loc":{"start":{"line":78,"column":6},"end":{"line":80,"column":7}},"type":"if","locations":[{"start":{"line":78,"column":6},"end":{"line":80,"column":7}},{"start":{},"end":{}}]},"4":{"loc":{"start":{"line":94,"column":6},"end":{"line":96,"column":7}},"type":"if","locations":[{"start":{"line":94,"column":6},"end":{"line":96,"column":7}},{"start":{},"end":{}}]},"5":{"loc":{"start":{"line":116,"column":6},"end":{"line":120,"column":7}},"type":"if","locations":[{"start":{"line":116,"column":6},"end":{"line":120,"column":7}},{"start":{},"end":{}}]},"6":{"loc":{"start":{"line":117,"column":8},"end":{"line":119,"column":9}},"type":"if","locations":[{"start":{"line":117,"column":8},"end":{"line":119,"column":9}},{"start":{},"end":{}}]},"7":{"loc":{"start":{"line":150,"column":6},"end":{"line":154,"column":7}},"type":"if","locations":[{"start":{"line":150,"column":6},"end":{"line":154,"column":7}},{"start":{},"end":{}}]},"8":{"loc":{"start":{"line":151,"column":8},"end":{"line":153,"column":9}},"type":"if","locations":[{"start":{"line":151,"column":8},"end":{"line":153,"column":9}},{"start":{},"end":{}}]},"9":{"loc":{"start":{"line":171,"column":6},"end":{"line":178,"column":7}},"type":"if","locations":[{"start":{"line":171,"column":6},"end":{"line":178,"column":7}},{"start":{},"end":{}}]},"10":{"loc":{"start":{"line":172,"column":8},"end":{"line":174,"column":9}},"type":"if","locations":[{"start":{"line":172,"column":8},"end":{"line":174,"column":9}},{"start":{},"end":{}}]},"11":{"loc":{"start":{"line":175,"column":8},"end":{"line":177,"column":9}},"type":"if","locations":[{"start":{"line":175,"column":8},"end":{"line":177,"column":9}},{"start":{},"end":{}}]}},"s":{"0":2,"1":2,"2":0,"3":0,"4":0,"5":0,"6":0,"7":0,"8":0,"9":0,"10":0,"11":0,"12":0,"13":0,"14":0,"15":0,"16":0,"17":0,"18":0,"19":0,"20":0,"21":0,"22":0,"23":0,"24":0,"25":0,"26":0,"27":0,"28":0,"29":0,"30":0,"31":0,"32":0,"33":0,"34":0,"35":0,"36":0,"37":0,"38":0,"39":0,"40":0,"41":0,"42":0,"43":0,"44":0,"45":0,"46":0,"47":0,"48":0,"49":0,"50":2},"f":{"0":0,"1":0,"2":0,"3":0,"4":0},"b":{"0":[0],"1":[0],"2":[0,0],"3":[0,0],"4":[0,0],"5":[0,0],"6":[0,0],"7":[0,0],"8":[0,0],"9":[0,0],"10":[0,0],"11":[0,0]}}
,"C:\\Users\\FELIX ZAYAS\\abp_5dsm\\backend\\src\\controllers\\dashboardController.ts": {"path":"C:\\Users\\FELIX ZAYAS\\abp_5dsm\\backend\\src\\controllers\\dashboardController.ts","statementMap":{"0":{"start":{"line":2,"column":0},"end":{"line":2,"column":44}},"1":{"start":{"line":3,"column":0},"end":{"line":3,"column":81}},"2":{"start":{"line":11,"column":4},"end":{"line":71,"column":5}},"3":{"start":{"line":12,"column":21},"end":{"line":12,"column":31}},"4":{"start":{"line":13,"column":42},"end":{"line":13,"column":51}},"5":{"start":{"line":16,"column":24},"end":{"line":28,"column":8}},"6":{"start":{"line":30,"column":6},"end":{"line":32,"column":7}},"7":{"start":{"line":31,"column":8},"end":{"line":31,"column":75}},"8":{"start":{"line":35,"column":40},"end":{"line":39,"column":8}},"9":{"start":{"line":42,"column":52},"end":{"line":42,"column":113}},"10":{"start":{"line":45,"column":22},"end":{"line":45,"column":67}},"11":{"start":{"line":48,"column":21},"end":{"line":48,"column":66}},"12":{"start":{"line":50,"column":6},"end":{"line":66,"column":9}},"13":{"start":{"line":69,"column":6},"end":{"line":69,"column":69}},"14":{"start":{"line":70,"column":6},"end":{"line":70,"column":74}},"15":{"start":{"line":80,"column":4},"end":{"line":121,"column":5}},"16":{"start":{"line":81,"column":21},"end":{"line":81,"column":31}},"17":{"start":{"line":82,"column":42},"end":{"line":82,"column":51}},"18":{"start":{"line":85,"column":24},"end":{"line":93,"column":8}},"19":{"start":{"line":95,"column":6},"end":{"line":97,"column":7}},"20":{"start":{"line":96,"column":8},"end":{"line":96,"column":75}},"21":{"start":{"line":100,"column":40},"end":{"line":104,"column":8}},"22":{"start":{"line":107,"column":29},"end":{"line":107,"column":96}},"23":{"start":{"line":109,"column":22},"end":{"line":109,"column":67}},"24":{"start":{"line":111,"column":6},"end":{"line":116,"column":9}},"25":{"start":{"line":119,"column":6},"end":{"line":119,"column":66}},"26":{"start":{"line":120,"column":6},"end":{"line":120,"column":71}},"27":{"start":{"line":5,"column":0},"end":{"line":5,"column":13}}},"fnMap":{"0":{"name":"(anonymous_0)","decl":{"start":{"line":10,"column":2},"end":{"line":10,"column":8}},"loc":{"start":{"line":10,"column":64},"end":{"line":72,"column":3}}},"1":{"name":"(anonymous_1)","decl":{"start":{"line":79,"column":2},"end":{"line":79,"column":8}},"loc":{"start":{"line":79,"column":70},"end":{"line":122,"column":3}}}},"branchMap":{"0":{"loc":{"start":{"line":30,"column":6},"end":{"line":32,"column":7}},"type":"if","locations":[{"start":{"line":30,"column":6},"end":{"line":32,"column":7}},{"start":{},"end":{}}]},"1":{"loc":{"start":{"line":36,"column":22},"end":{"line":36,"column":69}},"type":"cond-expr","locations":[{"start":{"line":36,"column":37},"end":{"line":36,"column":57}},{"start":{"line":36,"column":60},"end":{"line":36,"column":69}}]},"2":{"loc":{"start":{"line":37,"column":19},"end":{"line":37,"column":60}},"type":"cond-expr","locations":[{"start":{"line":37,"column":31},"end":{"line":37,"column":48}},{"start":{"line":37,"column":51},"end":{"line":37,"column":60}}]},"3":{"loc":{"start":{"line":57,"column":24},"end":{"line":57,"column":44}},"type":"binary-expr","locations":[{"start":{"line":57,"column":24},"end":{"line":57,"column":36}},{"start":{"line":57,"column":40},"end":{"line":57,"column":44}}]},"4":{"loc":{"start":{"line":58,"column":21},"end":{"line":58,"column":38}},"type":"binary-expr","locations":[{"start":{"line":58,"column":21},"end":{"line":58,"column":30}},{"start":{"line":58,"column":34},"end":{"line":58,"column":38}}]},"5":{"loc":{"start":{"line":95,"column":6},"end":{"line":97,"column":7}},"type":"if","locations":[{"start":{"line":95,"column":6},"end":{"line":97,"column":7}},{"start":{},"end":{}}]},"6":{"loc":{"start":{"line":101,"column":22},"end":{"line":101,"column":69}},"type":"cond-expr","locations":[{"start":{"line":101,"column":37},"end":{"line":101,"column":57}},{"start":{"line":101,"column":60},"end":{"line":101,"column":69}}]},"7":{"loc":{"start":{"line":102,"column":19},"end":{"line":102,"column":60}},"type":"cond-expr","locations":[{"start":{"line":102,"column":31},"end":{"line":102,"column":48}},{"start":{"line":102,"column":51},"end":{"line":102,"column":60}}]}},"s":{"0":2,"1":2,"2":0,"3":0,"4":0,"5":0,"6":0,"7":0,"8":0,"9":0,"10":0,"11":0,"12":0,"13":0,"14":0,"15":0,"16":0,"17":0,"18":0,"19":0,"20":0,"21":0,"22":0,"23":0,"24":0,"25":0,"26":0,"27":2},"f":{"0":0,"1":0},"b":{"0":[0,0],"1":[0,0],"2":[0,0],"3":[0,0],"4":[0,0],"5":[0,0],"6":[0,0],"7":[0,0]}}
,"C:\\Users\\FELIX ZAYAS\\abp_5dsm\\backend\\src\\controllers\\dashboardIESController.ts": {"path":"C:\\Users\\FELIX ZAYAS\\abp_5dsm\\backend\\src\\controllers\\dashboardIESController.ts","statementMap":{"0":{"start":{"line":2,"column":0},"end":{"line":2,"column":43}},"1":{"start":{"line":8,"column":4},"end":{"line":184,"column":5}},"2":{"start":{"line":9,"column":51},"end":{"line":9,"column":127}},"3":{"start":{"line":10,"column":57},"end":{"line":14,"column":null}},"4":{"start":{"line":23,"column":10},"end":{"line":29,"column":8}},"5":{"start":{"line":32,"column":34},"end":{"line":41,"column":8}},"6":{"start":{"line":44,"column":38},"end":{"line":53,"column":8}},"7":{"start":{"line":56,"column":31},"end":{"line":60,"column":8}},"8":{"start":{"line":63,"column":29},"end":{"line":68,"column":8}},"9":{"start":{"line":70,"column":31},"end":{"line":73,"column":null}},"10":{"start":{"line":72,"column":10},"end":{"line":72,"column":39}},"11":{"start":{"line":76,"column":33},"end":{"line":82,"column":9}},"12":{"start":{"line":76,"column":120},"end":{"line":82,"column":8}},"13":{"start":{"line":87,"column":20},"end":{"line":87,"column":79}},"14":{"start":{"line":87,"column":56},"end":{"line":87,"column":75}},"15":{"start":{"line":88,"column":23},"end":{"line":90,"column":51}},"16":{"start":{"line":89,"column":23},"end":{"line":89,"column":67}},"17":{"start":{"line":90,"column":28},"end":{"line":90,"column":47}},"18":{"start":{"line":92,"column":26},"end":{"line":92,"column":62}},"19":{"start":{"line":96,"column":30},"end":{"line":96,"column":31}},"20":{"start":{"line":99,"column":21},"end":{"line":120,"column":8}},"21":{"start":{"line":122,"column":30},"end":{"line":144,"column":null}},"22":{"start":{"line":124,"column":26},"end":{"line":124,"column":70}},"23":{"start":{"line":124,"column":55},"end":{"line":124,"column":69}},"24":{"start":{"line":125,"column":10},"end":{"line":127,"column":11}},"25":{"start":{"line":126,"column":12},"end":{"line":126,"column":null}},"26":{"start":{"line":128,"column":23},"end":{"line":134,"column":12}},"27":{"start":{"line":135,"column":24},"end":{"line":135,"column":35}},"28":{"start":{"line":136,"column":27},"end":{"line":138,"column":null}},"29":{"start":{"line":137,"column":24},"end":{"line":137,"column":84}},"30":{"start":{"line":140,"column":10},"end":{"line":143,"column":null}},"31":{"start":{"line":147,"column":30},"end":{"line":149,"column":20}},"32":{"start":{"line":148,"column":64},"end":{"line":148,"column":83}},"33":{"start":{"line":152,"column":6},"end":{"line":178,"column":null}},"34":{"start":{"line":162,"column":66},"end":{"line":166,"column":10}},"35":{"start":{"line":167,"column":74},"end":{"line":171,"column":10}},"36":{"start":{"line":172,"column":60},"end":{"line":175,"column":10}},"37":{"start":{"line":180,"column":6},"end":{"line":180,"column":null}},"38":{"start":{"line":181,"column":6},"end":{"line":183,"column":null}},"39":{"start":{"line":194,"column":4},"end":{"line":338,"column":5}},"40":{"start":{"line":195,"column":51},"end":{"line":195,"column":127}},"41":{"start":{"line":197,"column":57},"end":{"line":201,"column":null}},"42":{"start":{"line":203,"column":26},"end":{"line":224,"column":8}},"43":{"start":{"line":227,"column":25},"end":{"line":227,"column":113}},"44":{"start":{"line":228,"column":23},"end":{"line":228,"column":76}},"45":{"start":{"line":229,"column":28},"end":{"line":229,"column":117}},"46":{"start":{"line":231,"column":25},"end":{"line":231,"column":90}},"47":{"start":{"line":231,"column":50},"end":{"line":231,"column":90}},"48":{"start":{"line":232,"column":26},"end":{"line":235,"column":7}},"49":{"start":{"line":233,"column":18},"end":{"line":233,"column":43}},"50":{"start":{"line":234,"column":8},"end":{"line":234,"column":null}},"51":{"start":{"line":237,"column":6},"end":{"line":300,"column":7}},"52":{"start":{"line":238,"column":18},"end":{"line":238,"column":41}},"53":{"start":{"line":239,"column":8},"end":{"line":239,"column":24}},"54":{"start":{"line":239,"column":16},"end":{"line":239,"column":24}},"55":{"start":{"line":241,"column":24},"end":{"line":241,"column":53}},"56":{"start":{"line":242,"column":26},"end":{"line":242,"column":57}},"57":{"start":{"line":243,"column":23},"end":{"line":243,"column":37}},"58":{"start":{"line":244,"column":25},"end":{"line":244,"column":43}},"59":{"start":{"line":246,"column":8},"end":{"line":248,"column":9}},"60":{"start":{"line":247,"column":10},"end":{"line":247,"column":null}},"61":{"start":{"line":249,"column":8},"end":{"line":251,"column":9}},"62":{"start":{"line":250,"column":10},"end":{"line":250,"column":null}},"63":{"start":{"line":253,"column":21},"end":{"line":253,"column":38}},"64":{"start":{"line":254,"column":8},"end":{"line":267,"column":9}},"65":{"start":{"line":255,"column":10},"end":{"line":255,"column":null}},"66":{"start":{"line":256,"column":10},"end":{"line":256,"column":null}},"67":{"start":{"line":257,"column":10},"end":{"line":261,"column":11}},"68":{"start":{"line":258,"column":25},"end":{"line":258,"column":47}},"69":{"start":{"line":259,"column":12},"end":{"line":259,"column":null}},"70":{"start":{"line":260,"column":12},"end":{"line":260,"column":null}},"71":{"start":{"line":262,"column":10},"end":{"line":266,"column":11}},"72":{"start":{"line":263,"column":25},"end":{"line":263,"column":51}},"73":{"start":{"line":264,"column":12},"end":{"line":264,"column":null}},"74":{"start":{"line":265,"column":12},"end":{"line":265,"column":null}},"75":{"start":{"line":269,"column":8},"end":{"line":283,"column":9}},"76":{"start":{"line":270,"column":10},"end":{"line":270,"column":null}},"77":{"start":{"line":271,"column":10},"end":{"line":271,"column":null}},"78":{"start":{"line":271,"column":43},"end":{"line":271,"column":null}},"79":{"start":{"line":273,"column":10},"end":{"line":277,"column":11}},"80":{"start":{"line":274,"column":25},"end":{"line":274,"column":47}},"81":{"start":{"line":275,"column":12},"end":{"line":275,"column":null}},"82":{"start":{"line":276,"column":12},"end":{"line":276,"column":null}},"83":{"start":{"line":276,"column":45},"end":{"line":276,"column":null}},"84":{"start":{"line":278,"column":10},"end":{"line":282,"column":11}},"85":{"start":{"line":279,"column":25},"end":{"line":279,"column":51}},"86":{"start":{"line":280,"column":12},"end":{"line":280,"column":null}},"87":{"start":{"line":281,"column":12},"end":{"line":281,"column":null}},"88":{"start":{"line":281,"column":45},"end":{"line":281,"column":null}},"89":{"start":{"line":285,"column":8},"end":{"line":299,"column":9}},"90":{"start":{"line":286,"column":10},"end":{"line":286,"column":null}},"91":{"start":{"line":287,"column":10},"end":{"line":287,"column":null}},"92":{"start":{"line":287,"column":82},"end":{"line":287,"column":null}},"93":{"start":{"line":289,"column":10},"end":{"line":293,"column":11}},"94":{"start":{"line":290,"column":25},"end":{"line":290,"column":47}},"95":{"start":{"line":291,"column":12},"end":{"line":291,"column":null}},"96":{"start":{"line":292,"column":12},"end":{"line":292,"column":null}},"97":{"start":{"line":292,"column":84},"end":{"line":292,"column":null}},"98":{"start":{"line":294,"column":10},"end":{"line":298,"column":11}},"99":{"start":{"line":295,"column":25},"end":{"line":295,"column":51}},"100":{"start":{"line":296,"column":12},"end":{"line":296,"column":null}},"101":{"start":{"line":297,"column":12},"end":{"line":297,"column":null}},"102":{"start":{"line":297,"column":84},"end":{"line":297,"column":null}},"103":{"start":{"line":302,"column":22},"end":{"line":302,"column":106}},"104":{"start":{"line":302,"column":53},"end":{"line":302,"column":105}},"105":{"start":{"line":303,"column":22},"end":{"line":303,"column":98}},"106":{"start":{"line":303,"column":53},"end":{"line":303,"column":97}},"107":{"start":{"line":305,"column":28},"end":{"line":309,"column":null}},"108":{"start":{"line":311,"column":31},"end":{"line":317,"column":9}},"109":{"start":{"line":311,"column":71},"end":{"line":317,"column":8}},"110":{"start":{"line":319,"column":36},"end":{"line":327,"column":9}},"111":{"start":{"line":319,"column":81},"end":{"line":327,"column":8}},"112":{"start":{"line":329,"column":6},"end":{"line":334,"column":null}},"113":{"start":{"line":336,"column":6},"end":{"line":336,"column":null}},"114":{"start":{"line":337,"column":6},"end":{"line":337,"column":null}},"115":{"start":{"line":5,"column":0},"end":{"line":5,"column":13}}},"fnMap":{"0":{"name":"(anonymous_0)","decl":{"start":{"line":7,"column":2},"end":{"line":7,"column":8}},"loc":{"start":{"line":7,"column":54},"end":{"line":185,"column":3}}},"1":{"name":"(anonymous_1)","decl":{"start":{"line":71,"column":8},"end":{"line":71,"column":9}},"loc":{"start":{"line":72,"column":10},"end":{"line":72,"column":39}}},"2":{"name":"(anonymous_2)","decl":{"start":{"line":76,"column":52},"end":{"line":76,"column":53}},"loc":{"start":{"line":76,"column":120},"end":{"line":82,"column":8}}},"3":{"name":"(anonymous_3)","decl":{"start":{"line":87,"column":44},"end":{"line":87,"column":45}},"loc":{"start":{"line":87,"column":56},"end":{"line":87,"column":75}}},"4":{"name":"(anonymous_4)","decl":{"start":{"line":89,"column":16},"end":{"line":89,"column":17}},"loc":{"start":{"line":89,"column":23},"end":{"line":89,"column":67}}},"5":{"name":"(anonymous_5)","decl":{"start":{"line":90,"column":16},"end":{"line":90,"column":17}},"loc":{"start":{"line":90,"column":28},"end":{"line":90,"column":47}}},"6":{"name":"(anonymous_6)","decl":{"start":{"line":123,"column":19},"end":{"line":123,"column":24}},"loc":{"start":{"line":123,"column":35},"end":{"line":144,"column":9}}},"7":{"name":"(anonymous_7)","decl":{"start":{"line":124,"column":48},"end":{"line":124,"column":49}},"loc":{"start":{"line":124,"column":55},"end":{"line":124,"column":69}}},"8":{"name":"(anonymous_8)","decl":{"start":{"line":137,"column":12},"end":{"line":137,"column":13}},"loc":{"start":{"line":137,"column":24},"end":{"line":137,"column":84}}},"9":{"name":"(anonymous_9)","decl":{"start":{"line":148,"column":14},"end":{"line":148,"column":15}},"loc":{"start":{"line":148,"column":64},"end":{"line":148,"column":83}}},"10":{"name":"(anonymous_10)","decl":{"start":{"line":162,"column":53},"end":{"line":162,"column":54}},"loc":{"start":{"line":162,"column":66},"end":{"line":166,"column":10}}},"11":{"name":"(anonymous_11)","decl":{"start":{"line":167,"column":61},"end":{"line":167,"column":62}},"loc":{"start":{"line":167,"column":74},"end":{"line":171,"column":10}}},"12":{"name":"(anonymous_12)","decl":{"start":{"line":172,"column":47},"end":{"line":172,"column":48}},"loc":{"start":{"line":172,"column":60},"end":{"line":175,"column":10}}},"13":{"name":"(anonymous_13)","decl":{"start":{"line":193,"column":2},"end":{"line":193,"column":8}},"loc":{"start":{"line":193,"column":59},"end":{"line":339,"column":3}}},"14":{"name":"(anonymous_14)","decl":{"start":{"line":231,"column":25},"end":{"line":231,"column":26}},"loc":{"start":{"line":231,"column":50},"end":{"line":231,"column":90}}},"15":{"name":"(anonymous_15)","decl":{"start":{"line":232,"column":26},"end":{"line":232,"column":27}},"loc":{"start":{"line":232,"column":72},"end":{"line":235,"column":7}}},"16":{"name":"(anonymous_16)","decl":{"start":{"line":302,"column":22},"end":{"line":302,"column":23}},"loc":{"start":{"line":302,"column":53},"end":{"line":302,"column":105}}},"17":{"name":"(anonymous_17)","decl":{"start":{"line":303,"column":22},"end":{"line":303,"column":23}},"loc":{"start":{"line":303,"column":53},"end":{"line":303,"column":97}}},"18":{"name":"(anonymous_18)","decl":{"start":{"line":311,"column":65},"end":{"line":311,"column":66}},"loc":{"start":{"line":311,"column":71},"end":{"line":317,"column":8}}},"19":{"name":"(anonymous_19)","decl":{"start":{"line":319,"column":75},"end":{"line":319,"column":76}},"loc":{"start":{"line":319,"column":81},"end":{"line":327,"column":8}}}},"branchMap":{"0":{"loc":{"start":{"line":11,"column":12},"end":{"line":11,"column":60}},"type":"binary-expr","locations":[{"start":{"line":11,"column":12},"end":{"line":11,"column":21}},{"start":{"line":11,"column":25},"end":{"line":11,"column":60}}]},"1":{"loc":{"start":{"line":12,"column":12},"end":{"line":12,"column":63}},"type":"binary-expr","locations":[{"start":{"line":12,"column":12},"end":{"line":12,"column":23}},{"start":{"line":12,"column":27},"end":{"line":12,"column":63}}]},"2":{"loc":{"start":{"line":13,"column":12},"end":{"line":13,"column":69}},"type":"binary-expr","locations":[{"start":{"line":13,"column":12},"end":{"line":13,"column":20}},{"start":{"line":13,"column":24},"end":{"line":13,"column":69}}]},"3":{"loc":{"start":{"line":27,"column":40},"end":{"line":27,"column":103}},"type":"cond-expr","locations":[{"start":{"line":27,"column":77},"end":{"line":27,"column":91}},{"start":{"line":27,"column":94},"end":{"line":27,"column":103}}]},"4":{"loc":{"start":{"line":38,"column":15},"end":{"line":38,"column":67}},"type":"cond-expr","locations":[{"start":{"line":38,"column":26},"end":{"line":38,"column":55}},{"start":{"line":38,"column":58},"end":{"line":38,"column":67}}]},"5":{"loc":{"start":{"line":50,"column":15},"end":{"line":50,"column":117}},"type":"cond-expr","locations":[{"start":{"line":50,"column":26},"end":{"line":50,"column":55}},{"start":{"line":50,"column":58},"end":{"line":50,"column":117}}]},"6":{"loc":{"start":{"line":50,"column":58},"end":{"line":50,"column":117}},"type":"cond-expr","locations":[{"start":{"line":50,"column":70},"end":{"line":50,"column":105}},{"start":{"line":50,"column":108},"end":{"line":50,"column":117}}]},"7":{"loc":{"start":{"line":59,"column":15},"end":{"line":59,"column":78}},"type":"cond-expr","locations":[{"start":{"line":59,"column":52},"end":{"line":59,"column":66}},{"start":{"line":59,"column":69},"end":{"line":59,"column":78}}]},"8":{"loc":{"start":{"line":72,"column":17},"end":{"line":72,"column":38}},"type":"binary-expr","locations":[{"start":{"line":72,"column":17},"end":{"line":72,"column":33}},{"start":{"line":72,"column":37},"end":{"line":72,"column":38}}]},"9":{"loc":{"start":{"line":78,"column":16},"end":{"line":78,"column":37}},"type":"binary-expr","locations":[{"start":{"line":78,"column":16},"end":{"line":78,"column":32}},{"start":{"line":78,"column":36},"end":{"line":78,"column":37}}]},"10":{"loc":{"start":{"line":79,"column":20},"end":{"line":81,"column":17}},"type":"cond-expr","locations":[{"start":{"line":80,"column":12},"end":{"line":80,"column":75}},{"start":{"line":81,"column":12},"end":{"line":81,"column":17}}]},"11":{"loc":{"start":{"line":80,"column":15},"end":{"line":80,"column":36}},"type":"binary-expr","locations":[{"start":{"line":80,"column":15},"end":{"line":80,"column":31}},{"start":{"line":80,"column":35},"end":{"line":80,"column":36}}]},"12":{"loc":{"start":{"line":89,"column":24},"end":{"line":89,"column":38}},"type":"binary-expr","locations":[{"start":{"line":89,"column":24},"end":{"line":89,"column":32}},{"start":{"line":89,"column":36},"end":{"line":89,"column":38}}]},"13":{"loc":{"start":{"line":92,"column":26},"end":{"line":92,"column":62}},"type":"cond-expr","locations":[{"start":{"line":92,"column":34},"end":{"line":92,"column":58}},{"start":{"line":92,"column":61},"end":{"line":92,"column":62}}]},"14":{"loc":{"start":{"line":125,"column":10},"end":{"line":127,"column":11}},"type":"if","locations":[{"start":{"line":125,"column":10},"end":{"line":127,"column":11}},{"start":{},"end":{}}]},"15":{"loc":{"start":{"line":131,"column":18},"end":{"line":131,"column":74}},"type":"cond-expr","locations":[{"start":{"line":131,"column":55},"end":{"line":131,"column":69}},{"start":{"line":131,"column":72},"end":{"line":131,"column":74}}]},"16":{"loc":{"start":{"line":137,"column":31},"end":{"line":137,"column":83}},"type":"cond-expr","locations":[{"start":{"line":137,"column":78},"end":{"line":137,"column":79}},{"start":{"line":137,"column":82},"end":{"line":137,"column":83}}]},"17":{"loc":{"start":{"line":137,"column":32},"end":{"line":137,"column":46}},"type":"binary-expr","locations":[{"start":{"line":137,"column":32},"end":{"line":137,"column":40}},{"start":{"line":137,"column":44},"end":{"line":137,"column":46}}]},"18":{"loc":{"start":{"line":142,"column":20},"end":{"line":142,"column":56}},"type":"cond-expr","locations":[{"start":{"line":142,"column":28},"end":{"line":142,"column":52}},{"start":{"line":142,"column":55},"end":{"line":142,"column":56}}]},"19":{"loc":{"start":{"line":165,"column":18},"end":{"line":165,"column":39}},"type":"binary-expr","locations":[{"start":{"line":165,"column":18},"end":{"line":165,"column":34}},{"start":{"line":165,"column":38},"end":{"line":165,"column":39}}]},"20":{"loc":{"start":{"line":170,"column":22},"end":{"line":170,"column":47}},"type":"binary-expr","locations":[{"start":{"line":170,"column":22},"end":{"line":170,"column":42}},{"start":{"line":170,"column":46},"end":{"line":170,"column":47}}]},"21":{"loc":{"start":{"line":198,"column":12},"end":{"line":198,"column":60}},"type":"binary-expr","locations":[{"start":{"line":198,"column":12},"end":{"line":198,"column":21}},{"start":{"line":198,"column":25},"end":{"line":198,"column":60}}]},"22":{"loc":{"start":{"line":199,"column":12},"end":{"line":199,"column":63}},"type":"binary-expr","locations":[{"start":{"line":199,"column":12},"end":{"line":199,"column":23}},{"start":{"line":199,"column":27},"end":{"line":199,"column":63}}]},"23":{"loc":{"start":{"line":200,"column":12},"end":{"line":200,"column":69}},"type":"binary-expr","locations":[{"start":{"line":200,"column":12},"end":{"line":200,"column":20}},{"start":{"line":200,"column":24},"end":{"line":200,"column":69}}]},"24":{"loc":{"start":{"line":204,"column":34},"end":{"line":204,"column":97}},"type":"cond-expr","locations":[{"start":{"line":204,"column":71},"end":{"line":204,"column":85}},{"start":{"line":204,"column":88},"end":{"line":204,"column":97}}]},"25":{"loc":{"start":{"line":231,"column":51},"end":{"line":231,"column":60}},"type":"binary-expr","locations":[{"start":{"line":231,"column":51},"end":{"line":231,"column":54}},{"start":{"line":231,"column":58},"end":{"line":231,"column":60}}]},"26":{"loc":{"start":{"line":233,"column":19},"end":{"line":233,"column":28}},"type":"binary-expr","locations":[{"start":{"line":233,"column":19},"end":{"line":233,"column":22}},{"start":{"line":233,"column":26},"end":{"line":233,"column":28}}]},"27":{"loc":{"start":{"line":234,"column":15},"end":{"line":234,"column":49}},"type":"binary-expr","locations":[{"start":{"line":234,"column":15},"end":{"line":234,"column":27}},{"start":{"line":234,"column":31},"end":{"line":234,"column":49}}]},"28":{"loc":{"start":{"line":234,"column":32},"end":{"line":234,"column":41}},"type":"binary-expr","locations":[{"start":{"line":234,"column":32},"end":{"line":234,"column":36}},{"start":{"line":234,"column":40},"end":{"line":234,"column":41}}]},"29":{"loc":{"start":{"line":239,"column":8},"end":{"line":239,"column":24}},"type":"if","locations":[{"start":{"line":239,"column":8},"end":{"line":239,"column":24}},{"start":{},"end":{}}]},"30":{"loc":{"start":{"line":241,"column":24},"end":{"line":241,"column":53}},"type":"binary-expr","locations":[{"start":{"line":241,"column":24},"end":{"line":241,"column":40}},{"start":{"line":241,"column":44},"end":{"line":241,"column":53}}]},"31":{"loc":{"start":{"line":242,"column":26},"end":{"line":242,"column":57}},"type":"binary-expr","locations":[{"start":{"line":242,"column":26},"end":{"line":242,"column":46}},{"start":{"line":242,"column":50},"end":{"line":242,"column":57}}]},"32":{"loc":{"start":{"line":246,"column":8},"end":{"line":248,"column":9}},"type":"if","locations":[{"start":{"line":246,"column":8},"end":{"line":248,"column":9}},{"start":{},"end":{}}]},"33":{"loc":{"start":{"line":246,"column":12},"end":{"line":246,"column":45}},"type":"binary-expr","locations":[{"start":{"line":246,"column":12},"end":{"line":246,"column":19}},{"start":{"line":246,"column":23},"end":{"line":246,"column":45}}]},"34":{"loc":{"start":{"line":249,"column":8},"end":{"line":251,"column":9}},"type":"if","locations":[{"start":{"line":249,"column":8},"end":{"line":251,"column":9}},{"start":{},"end":{}}]},"35":{"loc":{"start":{"line":249,"column":12},"end":{"line":249,"column":48}},"type":"binary-expr","locations":[{"start":{"line":249,"column":12},"end":{"line":249,"column":18}},{"start":{"line":249,"column":22},"end":{"line":249,"column":48}}]},"36":{"loc":{"start":{"line":254,"column":8},"end":{"line":267,"column":9}},"type":"if","locations":[{"start":{"line":254,"column":8},"end":{"line":267,"column":9}},{"start":{},"end":{}}]},"37":{"loc":{"start":{"line":257,"column":10},"end":{"line":261,"column":11}},"type":"if","locations":[{"start":{"line":257,"column":10},"end":{"line":261,"column":11}},{"start":{},"end":{}}]},"38":{"loc":{"start":{"line":262,"column":10},"end":{"line":266,"column":11}},"type":"if","locations":[{"start":{"line":262,"column":10},"end":{"line":266,"column":11}},{"start":{},"end":{}}]},"39":{"loc":{"start":{"line":269,"column":8},"end":{"line":283,"column":9}},"type":"if","locations":[{"start":{"line":269,"column":8},"end":{"line":283,"column":9}},{"start":{},"end":{}}]},"40":{"loc":{"start":{"line":269,"column":13},"end":{"line":269,"column":33}},"type":"binary-expr","locations":[{"start":{"line":269,"column":13},"end":{"line":269,"column":27}},{"start":{"line":269,"column":31},"end":{"line":269,"column":33}}]},"41":{"loc":{"start":{"line":271,"column":10},"end":{"line":271,"column":null}},"type":"if","locations":[{"start":{"line":271,"column":10},"end":{"line":271,"column":null}},{"start":{},"end":{}}]},"42":{"loc":{"start":{"line":273,"column":10},"end":{"line":277,"column":11}},"type":"if","locations":[{"start":{"line":273,"column":10},"end":{"line":277,"column":11}},{"start":{},"end":{}}]},"43":{"loc":{"start":{"line":276,"column":12},"end":{"line":276,"column":null}},"type":"if","locations":[{"start":{"line":276,"column":12},"end":{"line":276,"column":null}},{"start":{},"end":{}}]},"44":{"loc":{"start":{"line":278,"column":10},"end":{"line":282,"column":11}},"type":"if","locations":[{"start":{"line":278,"column":10},"end":{"line":282,"column":11}},{"start":{},"end":{}}]},"45":{"loc":{"start":{"line":281,"column":12},"end":{"line":281,"column":null}},"type":"if","locations":[{"start":{"line":281,"column":12},"end":{"line":281,"column":null}},{"start":{},"end":{}}]},"46":{"loc":{"start":{"line":285,"column":8},"end":{"line":299,"column":9}},"type":"if","locations":[{"start":{"line":285,"column":8},"end":{"line":299,"column":9}},{"start":{},"end":{}}]},"47":{"loc":{"start":{"line":285,"column":13},"end":{"line":285,"column":33}},"type":"binary-expr","locations":[{"start":{"line":285,"column":13},"end":{"line":285,"column":27}},{"start":{"line":285,"column":31},"end":{"line":285,"column":33}}]},"48":{"loc":{"start":{"line":287,"column":10},"end":{"line":287,"column":null}},"type":"if","locations":[{"start":{"line":287,"column":10},"end":{"line":287,"column":null}},{"start":{},"end":{}}]},"49":{"loc":{"start":{"line":289,"column":10},"end":{"line":293,"column":11}},"type":"if","locations":[{"start":{"line":289,"column":10},"end":{"line":293,"column":11}},{"start":{},"end":{}}]},"50":{"loc":{"start":{"line":292,"column":12},"end":{"line":292,"column":null}},"type":"if","locations":[{"start":{"line":292,"column":12},"end":{"line":292,"column":null}},{"start":{},"end":{}}]},"51":{"loc":{"start":{"line":294,"column":10},"end":{"line":298,"column":11}},"type":"if","locations":[{"start":{"line":294,"column":10},"end":{"line":298,"column":11}},{"start":{},"end":{}}]},"52":{"loc":{"start":{"line":297,"column":12},"end":{"line":297,"column":null}},"type":"if","locations":[{"start":{"line":297,"column":12},"end":{"line":297,"column":null}},{"start":{},"end":{}}]},"53":{"loc":{"start":{"line":302,"column":53},"end":{"line":302,"column":105}},"type":"cond-expr","locations":[{"start":{"line":302,"column":63},"end":{"line":302,"column":101}},{"start":{"line":302,"column":104},"end":{"line":302,"column":105}}]},"54":{"loc":{"start":{"line":303,"column":53},"end":{"line":303,"column":97}},"type":"cond-expr","locations":[{"start":{"line":303,"column":63},"end":{"line":303,"column":93}},{"start":{"line":303,"column":96},"end":{"line":303,"column":97}}]},"55":{"loc":{"start":{"line":330,"column":29},"end":{"line":330,"column":45}},"type":"binary-expr","locations":[{"start":{"line":330,"column":29},"end":{"line":330,"column":37}},{"start":{"line":330,"column":41},"end":{"line":330,"column":45}}]},"56":{"loc":{"start":{"line":330,"column":58},"end":{"line":330,"column":75}},"type":"binary-expr","locations":[{"start":{"line":330,"column":58},"end":{"line":330,"column":67}},{"start":{"line":330,"column":71},"end":{"line":330,"column":75}}]},"57":{"loc":{"start":{"line":330,"column":90},"end":{"line":330,"column":109}},"type":"binary-expr","locations":[{"start":{"line":330,"column":90},"end":{"line":330,"column":101}},{"start":{"line":330,"column":105},"end":{"line":330,"column":109}}]}},"s":{"0":2,"1":0,"2":0,"3":0,"4":0,"5":0,"6":0,"7":0,"8":0,"9":0,"10":0,"11":0,"12":0,"13":0,"14":0,"15":0,"16":0,"17":0,"18":0,"19":0,"20":0,"21":0,"22":0,"23":0,"24":0,"25":0,"26":0,"27":0,"28":0,"29":0,"30":0,"31":0,"32":0,"33":0,"34":0,"35":0,"36":0,"37":0,"38":0,"39":0,"40":0,"41":0,"42":0,"43":0,"44":0,"45":0,"46":0,"47":0,"48":0,"49":0,"50":0,"51":0,"52":0,"53":0,"54":0,"55":0,"56":0,"57":0,"58":0,"59":0,"60":0,"61":0,"62":0,"63":0,"64":0,"65":0,"66":0,"67":0,"68":0,"69":0,"70":0,"71":0,"72":0,"73":0,"74":0,"75":0,"76":0,"77":0,"78":0,"79":0,"80":0,"81":0,"82":0,"83":0,"84":0,"85":0,"86":0,"87":0,"88":0,"89":0,"90":0,"91":0,"92":0,"93":0,"94":0,"95":0,"96":0,"97":0,"98":0,"99":0,"100":0,"101":0,"102":0,"103":0,"104":0,"105":0,"106":0,"107":0,"108":0,"109":0,"110":0,"111":0,"112":0,"113":0,"114":0,"115":2},"f":{"0":0,"1":0,"2":0,"3":0,"4":0,"5":0,"6":0,"7":0,"8":0,"9":0,"10":0,"11":0,"12":0,"13":0,"14":0,"15":0,"16":0,"17":0,"18":0,"19":0},"b":{"0":[0,0],"1":[0,0],"2":[0,0],"3":[0,0],"4":[0,0],"5":[0,0],"6":[0,0],"7":[0,0],"8":[0,0],"9":[0,0],"10":[0,0],"11":[0,0],"12":[0,0],"13":[0,0],"14":[0,0],"15":[0,0],"16":[0,0],"17":[0,0],"18":[0,0],"19":[0,0],"20":[0,0],"21":[0,0],"22":[0,0],"23":[0,0],"24":[0,0],"25":[0,0],"26":[0,0],"27":[0,0],"28":[0,0],"29":[0,0],"30":[0,0],"31":[0,0],"32":[0,0],"33":[0,0],"34":[0,0],"35":[0,0],"36":[0,0],"37":[0,0],"38":[0,0],"39":[0,0],"40":[0,0],"41":[0,0],"42":[0,0],"43":[0,0],"44":[0,0],"45":[0,0],"46":[0,0],"47":[0,0],"48":[0,0],"49":[0,0],"50":[0,0],"51":[0,0],"52":[0,0],"53":[0,0],"54":[0,0],"55":[0,0],"56":[0,0],"57":[0,0]}}
,"C:\\Users\\FELIX ZAYAS\\abp_5dsm\\backend\\src\\controllers\\disciplinaController.ts": {"path":"C:\\Users\\FELIX ZAYAS\\abp_5dsm\\backend\\src\\controllers\\disciplinaController.ts","statementMap":{"0":{"start":{"line":2,"column":0},"end":{"line":2,"column":44}},"1":{"start":{"line":3,"column":0},"end":{"line":3,"column":40}},"2":{"start":{"line":8,"column":4},"end":{"line":58,"column":5}},"3":{"start":{"line":9,"column":63},"end":{"line":9,"column":72}},"4":{"start":{"line":10,"column":19},"end":{"line":10,"column":53}},"5":{"start":{"line":12,"column":49},"end":{"line":21,"column":8}},"6":{"start":{"line":23,"column":35},"end":{"line":44,"column":8}},"7":{"start":{"line":46,"column":6},"end":{"line":54,"column":9}},"8":{"start":{"line":56,"column":6},"end":{"line":56,"column":55}},"9":{"start":{"line":57,"column":6},"end":{"line":57,"column":63}},"10":{"start":{"line":63,"column":4},"end":{"line":104,"column":5}},"11":{"start":{"line":64,"column":21},"end":{"line":64,"column":31}},"12":{"start":{"line":66,"column":25},"end":{"line":94,"column":8}},"13":{"start":{"line":96,"column":6},"end":{"line":98,"column":7}},"14":{"start":{"line":97,"column":8},"end":{"line":97,"column":68}},"15":{"start":{"line":100,"column":6},"end":{"line":100,"column":27}},"16":{"start":{"line":102,"column":6},"end":{"line":102,"column":54}},"17":{"start":{"line":103,"column":6},"end":{"line":103,"column":63}},"18":{"start":{"line":109,"column":4},"end":{"line":157,"column":5}},"19":{"start":{"line":110,"column":92},"end":{"line":110,"column":100}},"20":{"start":{"line":112,"column":6},"end":{"line":114,"column":7}},"21":{"start":{"line":113,"column":8},"end":{"line":113,"column":90}},"22":{"start":{"line":117,"column":20},"end":{"line":119,"column":8}},"23":{"start":{"line":121,"column":6},"end":{"line":123,"column":7}},"24":{"start":{"line":122,"column":8},"end":{"line":122,"column":67}},"25":{"start":{"line":125,"column":25},"end":{"line":146,"column":8}},"26":{"start":{"line":148,"column":6},"end":{"line":148,"column":39}},"27":{"start":{"line":150,"column":6},"end":{"line":150,"column":54}},"28":{"start":{"line":151,"column":6},"end":{"line":155,"column":7}},"29":{"start":{"line":152,"column":8},"end":{"line":154,"column":9}},"30":{"start":{"line":153,"column":10},"end":{"line":153,"column":96}},"31":{"start":{"line":156,"column":6},"end":{"line":156,"column":63}},"32":{"start":{"line":162,"column":4},"end":{"line":201,"column":5}},"33":{"start":{"line":163,"column":21},"end":{"line":163,"column":31}},"34":{"start":{"line":164,"column":76},"end":{"line":164,"column":84}},"35":{"start":{"line":166,"column":25},"end":{"line":187,"column":8}},"36":{"start":{"line":189,"column":6},"end":{"line":189,"column":27}},"37":{"start":{"line":191,"column":6},"end":{"line":191,"column":54}},"38":{"start":{"line":192,"column":6},"end":{"line":199,"column":7}},"39":{"start":{"line":193,"column":8},"end":{"line":195,"column":9}},"40":{"start":{"line":194,"column":10},"end":{"line":194,"column":70}},"41":{"start":{"line":196,"column":8},"end":{"line":198,"column":9}},"42":{"start":{"line":197,"column":10},"end":{"line":197,"column":96}},"43":{"start":{"line":200,"column":6},"end":{"line":200,"column":63}},"44":{"start":{"line":206,"column":4},"end":{"line":225,"column":5}},"45":{"start":{"line":207,"column":21},"end":{"line":207,"column":31}},"46":{"start":{"line":209,"column":6},"end":{"line":211,"column":9}},"47":{"start":{"line":213,"column":6},"end":{"line":213,"column":29}},"48":{"start":{"line":215,"column":6},"end":{"line":215,"column":54}},"49":{"start":{"line":216,"column":6},"end":{"line":223,"column":7}},"50":{"start":{"line":217,"column":8},"end":{"line":219,"column":9}},"51":{"start":{"line":218,"column":10},"end":{"line":218,"column":70}},"52":{"start":{"line":220,"column":8},"end":{"line":222,"column":9}},"53":{"start":{"line":221,"column":10},"end":{"line":221,"column":102}},"54":{"start":{"line":224,"column":6},"end":{"line":224,"column":63}},"55":{"start":{"line":230,"column":4},"end":{"line":255,"column":5}},"56":{"start":{"line":231,"column":26},"end":{"line":231,"column":36}},"57":{"start":{"line":232,"column":24},"end":{"line":232,"column":33}},"58":{"start":{"line":234,"column":49},"end":{"line":237,"column":8}},"59":{"start":{"line":239,"column":26},"end":{"line":249,"column":8}},"60":{"start":{"line":251,"column":6},"end":{"line":251,"column":28}},"61":{"start":{"line"
[...]
ine":26,"column":null}},"8":{"start":{"line":27,"column":4},"end":{"line":27,"column":null}},"9":{"start":{"line":30,"column":2},"end":{"line":40,"column":null}},"10":{"start":{"line":42,"column":2},"end":{"line":42,"column":null}},"11":{"start":{"line":46,"column":22},"end":{"line":46,"column":38}},"12":{"start":{"line":47,"column":18},"end":{"line":47,"column":50}},"13":{"start":{"line":48,"column":27},"end":{"line":48,"column":104}},"14":{"start":{"line":49,"column":19},"end":{"line":49,"column":50}},"15":{"start":{"line":50,"column":15},"end":{"line":56,"column":null}},"16":{"start":{"line":58,"column":2},"end":{"line":66,"column":3}},"17":{"start":{"line":59,"column":4},"end":{"line":64,"column":null}},"18":{"start":{"line":65,"column":4},"end":{"line":65,"column":10}},"19":{"start":{"line":68,"column":2},"end":{"line":73,"column":null}}},"fnMap":{"0":{"name":"hasSmtpConfig","decl":{"start":{"line":12,"column":9},"end":{"line":12,"column":22}},"loc":{"start":{"line":12,"column":22},"end":{"line":14,"column":1}}},"1":{"name":"getDefaultFrom","decl":{"start":{"line":16,"column":9},"end":{"line":16,"column":23}},"loc":{"start":{"line":16,"column":23},"end":{"line":18,"column":1}}},"2":{"name":"getTransporter","decl":{"start":{"line":20,"column":9},"end":{"line":20,"column":23}},"loc":{"start":{"line":20,"column":23},"end":{"line":43,"column":1}}},"3":{"name":"sendPasswordResetEmail","decl":{"start":{"line":45,"column":22},"end":{"line":45,"column":44}},"loc":{"start":{"line":45,"column":99},"end":{"line":74,"column":1}}}},"branchMap":{"0":{"loc":{"start":{"line":13,"column":17},"end":{"line":13,"column":63}},"type":"binary-expr","locations":[{"start":{"line":13,"column":17},"end":{"line":13,"column":38}},{"start":{"line":13,"column":42},"end":{"line":13,"column":63}}]},"1":{"loc":{"start":{"line":17,"column":9},"end":{"line":17,"column":86}},"type":"binary-expr","locations":[{"start":{"line":17,"column":9},"end":{"line":17,"column":35}},{"start":{"line":17,"column":39},"end":{"line":17,"column":60}},{"start":{"line":17,"column":64},"end":{"line":17,"column":86}}]},"2":{"loc":{"start":{"line":21,"column":2},"end":{"line":23,"column":3}},"type":"if","locations":[{"start":{"line":21,"column":2},"end":{"line":23,"column":3}},{"start":{},"end":{}}]},"3":{"loc":{"start":{"line":25,"column":2},"end":{"line":28,"column":3}},"type":"if","locations":[{"start":{"line":25,"column":2},"end":{"line":28,"column":3}},{"start":{},"end":{}}]},"4":{"loc":{"start":{"line":33,"column":12},"end":{"line":33,"column":87}},"type":"binary-expr","locations":[{"start":{"line":33,"column":12},"end":{"line":33,"column":46}},{"start":{"line":33,"column":50},"end":{"line":33,"column":87}}]},"5":{"loc":{"start":{"line":34,"column":10},"end":{"line":39,"column":17}},"type":"cond-expr","locations":[{"start":{"line":35,"column":8},"end":{"line":38,"column":null}},{"start":{"line":39,"column":8},"end":{"line":39,"column":17}}]},"6":{"loc":{"start":{"line":34,"column":10},"end":{"line":34,"column":56}},"type":"binary-expr","locations":[{"start":{"line":34,"column":10},"end":{"line":34,"column":31}},{"start":{"line":34,"column":35},"end":{"line":34,"column":56}}]},"7":{"loc":{"start":{"line":49,"column":19},"end":{"line":49,"column":50}},"type":"cond-expr","locations":[{"start":{"line":49,"column":26},"end":{"line":49,"column":41}},{"start":{"line":49,"column":44},"end":{"line":49,"column":50}}]},"8":{"loc":{"start":{"line":58,"column":2},"end":{"line":66,"column":3}},"type":"if","locations":[{"start":{"line":58,"column":2},"end":{"line":66,"column":3}},{"start":{},"end":{}}]}},"s":{"0":2,"1":2,"2":0,"3":0,"4":0,"5":0,"6":0,"7":0,"8":0,"9":0,"10":0,"11":0,"12":0,"13":0,"14":0,"15":0,"16":0,"17":0,"18":0,"19":0},"f":{"0":0,"1":0,"2":0,"3":0},"b":{"0":[0,0],"1":[0,0,0],"2":[0,0],"3":[0,0],"4":[0,0],"5":[0,0],"6":[0,0],"7":[0,0],"8":[0,0]}}
,"C:\\Users\\FELIX ZAYAS\\abp_5dsm\\backend\\src\\service\\healthService.ts": {"path":"C:\\Users\\FELIX ZAYAS\\abp_5dsm\\backend\\src\\service\\healthService.ts","statementMap":{"0":{"start":{"line":2,"column":0},"end":{"line":2,"column":44}},"1":{"start":{"line":9,"column":4},"end":{"line":14,"column":7}},"2":{"start":{"line":21,"column":4},"end":{"line":35,"column":5}},"3":{"start":{"line":22,"column":6},"end":{"line":22,"column":39}},"4":{"start":{"line":23,"column":6},"end":{"line":27,"column":9}},"5":{"start":{"line":29,"column":6},"end":{"line":29,"column":60}},"6":{"start":{"line":30,"column":6},"end":{"line":34,"column":9}},"7":{"start":{"line":42,"column":4},"end":{"line":42,"column":69}},"8":{"start":{"line":44,"column":4},"end":{"line":51,"column":5}},"9":{"start":{"line":45,"column":6},"end":{"line":45,"column":33}},"10":{"start":{"line":46,"column":6},"end":{"line":46,"column":50}},"11":{"start":{"line":47,"column":6},"end":{"line":47,"column":22}},"12":{"start":{"line":49,"column":6},"end":{"line":49,"column":62}},"13":{"start":{"line":50,"column":6},"end":{"line":50,"column":22}},"14":{"start":{"line":58,"column":4},"end":{"line":58,"column":66}},"15":{"start":{"line":58,"column":32},"end":{"line":58,"column":64}},"16":{"start":{"line":59,"column":4},"end":{"line":59,"column":64}},"17":{"start":{"line":59,"column":31},"end":{"line":59,"column":62}},"18":{"start":{"line":4,"column":0},"end":{"line":4,"column":13}}},"fnMap":{"0":{"name":"(anonymous_0)","decl":{"start":{"line":8,"column":2},"end":{"line":8,"column":8}},"loc":{"start":{"line":8,"column":48},"end":{"line":15,"column":3}}},"1":{"name":"(anonymous_1)","decl":{"start":{"line":20,"column":2},"end":{"line":20,"column":8}},"loc":{"start":{"line":20,"column":62},"end":{"line":36,"column":3}}},"2":{"name":"(anonymous_2)","decl":{"start":{"line":41,"column":2},"end":{"line":41,"column":8}},"loc":{"start":{"line":41,"column":46},"end":{"line":52,"column":3}}},"3":{"name":"(anonymous_3)","decl":{"start":{"line":57,"column":2},"end":{"line":57,"column":8}},"loc":{"start":{"line":57,"column":30},"end":{"line":60,"column":3}}},"4":{"name":"(anonymous_4)","decl":{"start":{"line":58,"column":26},"end":{"line":58,"column":29}},"loc":{"start":{"line":58,"column":32},"end":{"line":58,"column":64}}},"5":{"name":"(anonymous_5)","decl":{"start":{"line":59,"column":25},"end":{"line":59,"column":28}},"loc":{"start":{"line":59,"column":31},"end":{"line":59,"column":62}}}},"branchMap":{"0":{"loc":{"start":{"line":13,"column":19},"end":{"line":13,"column":56}},"type":"binary-expr","locations":[{"start":{"line":13,"column":19},"end":{"line":13,"column":39}},{"start":{"line":13,"column":43},"end":{"line":13,"column":56}}]}},"s":{"0":2,"1":0,"2":0,"3":0,"4":0,"5":0,"6":0,"7":0,"8":0,"9":0,"10":0,"11":0,"12":0,"13":0,"14":2,"15":0,"16":2,"17":0,"18":2},"f":{"0":0,"1":0,"2":0,"3":2,"4":0,"5":0},"b":{"0":[0,0]}}
,"C:\\Users\\FELIX ZAYAS\\abp_5dsm\\backend\\src\\service\\passwordResetService.ts": {"path":"C:\\Users\\FELIX ZAYAS\\abp_5dsm\\backend\\src\\service\\passwordResetService.ts","statementMap":{"0":{"start":{"line":1,"column":0},"end":{"line":1,"column":27}},"1":{"start":{"line":2,"column":0},"end":{"line":2,"column":27}},"2":{"start":{"line":3,"column":0},"end":{"line":3,"column":52}},"3":{"start":{"line":4,"column":0},"end":{"line":4,"column":43}},"4":{"start":{"line":6,"column":19},"end":{"line":6,"column":20}},"5":{"start":{"line":7,"column":31},"end":{"line":7,"column":33}},"6":{"start":{"line":8,"column":32},"end":{"line":8,"column":33}},"7":{"start":{"line":12,"column":16},"end":{"line":12,"column":32}},"8":{"start":{"line":13,"column":16},"end":{"line":13,"column":40}},"9":{"start":{"line":14,"column":4},"end":{"line":14,"column":null}},"10":{"start":{"line":18,"column":23},"end":{"line":18,"column":25}},"11":{"start":{"line":19,"column":4},"end":{"line":19,"column":null}},"12":{"start":{"line":23,"column":20},"end":{"line":23,"column":30}},"13":{"start":{"line":24,"column":4},"end":{"line":24,"column":null}},"14":{"start":{"line":25,"column":4},"end":{"line":25,"column":null}},"15":{"start":{"line":29,"column":4},"end":{"line":37,"column":null}},"16":{"start":{"line":41,"column":18},"end":{"line":41,"column":55}},"17":{"start":{"line":43,"column":24},"end":{"line":50,"column":6}},"18":{"start":{"line":52,"column":4},"end":{"line":54,"column":5}},"19":{"start":{"line":53,"column":6},"end":{"line":53,"column":null}},"20":{"start":{"line":56,"column":4},"end":{"line":58,"column":5}},"21":{"start":{"line":57,"column":6},"end":{"line":57,"column":null}},"22":{"start":{"line":60,"column":22},"end":{"line":67,"column":6}},"23":{"start":{"line":69,"column":4},"end":{"line":69,"column":null}},"24":{"start":{"line":73,"column":17},"end":{"line":80,"column":6}},"25":{"start":{"line":82,"column":4},"end":{"line":84,"column":5}},"26":{"start":{"line":83,"column":6},"end":{"line":83,"column":null}},"27":{"start":{"line":86,"column":24},"end":{"line":86,"column":72}},"28":{"start":{"line":88,"column":4},"end":{"line":90,"column":5}},"29":{"start":{"line":89,"column":6},"end":{"line":89,"column":null}},"30":{"start":{"line":92,"column":4},"end":{"line":92,"column":null}},"31":{"start":{"line":94,"column":16},"end":{"line":94,"column":42}},"32":{"start":{"line":95,"column":20},"end":{"line":95,"column":43}},"33":{"start":{"line":96,"column":22},"end":{"line":96,"column":46}},"34":{"start":{"line":98,"column":4},"end":{"line":107,"column":null}},"35":{"start":{"line":109,"column":4},"end":{"line":113,"column":null}},"36":{"start":{"line":10,"column":0},"end":{"line":10,"column":13}}},"fnMap":{"0":{"name":"(anonymous_1)","decl":{"start":{"line":11,"column":10},"end":{"line":11,"column":16}},"loc":{"start":{"line":11,"column":36},"end":{"line":15,"column":3}}},"1":{"name":"(anonymous_2)","decl":{"start":{"line":17,"column":10},"end":{"line":17,"column":16}},"loc":{"start":{"line":17,"column":42},"end":{"line":20,"column":3}}},"2":{"name":"(anonymous_3)","decl":{"start":{"line":22,"column":10},"end":{"line":22,"column":16}},"loc":{"start":{"line":22,"column":34},"end":{"line":26,"column":3}}},"3":{"name":"(anonymous_4)","decl":{"start":{"line":28,"column":10},"end":{"line":28,"column":16}},"loc":{"start":{"line":28,"column":63},"end":{"line":38,"column":3}}},"4":{"name":"(anonymous_5)","decl":{"start":{"line":40,"column":2},"end":{"line":40,"column":8}},"loc":{"start":{"line":40,"column":63},"end":{"line":70,"column":3}}},"5":{"name":"(anonymous_6)","decl":{"start":{"line":72,"column":2},"end":{"line":72,"column":8}},"loc":{"start":{"line":72,"column":68},"end":{"line":114,"column":3}}}},"branchMap":{"0":{"loc":{"start":{"line":52,"column":4},"end":{"line":54,"column":5}},"type":"if","locations":[{"start":{"line":52,"column":4},"end":{"line":54,"column":5}},{"start":{},"end":{}}]},"1":{"loc":{"start":{"line":56,"column":4},"end":{"line":58,"column":5}},"type":"if","locations":[{"start":{"line":56,"column":4},"end":{"line":58,"column":5}},{"start":{},"end":{}}]},"2":{"loc":{"start":{"line":82,"column":4},"end":{"line":84,"column":5}},"type":"if","locations":[{"start":{"line":82,"column":4},"end":{"line":84,"column":5}},{"start":{},"end":{}}]},"3":{"loc":{"start":{"line":88,"column":4},"end":{"line":90,"column":5}},"type":"if","locations":[{"start":{"line":88,"column":4},"end":{"line":90,"column":5}},{"start":{},"end":{}}]}},"s":{"0":3,"1":3,"2":3,"3":3,"4":3,"5":3,"6":3,"7":1,"8":1,"9":1,"10":1,"11":1,"12":1,"13":1,"14":1,"15":1,"16":2,"17":2,"18":2,"19":1,"20":1,"21":0,"22":1,"23":1,"24":3,"25":3,"26":1,"27":2,"28":2,"29":1,"30":1,"31":1,"32":1,"33":1,"34":1,"35":1,"36":3},"f":{"0":1,"1":1,"2":1,"3":1,"4":2,"5":3},"b":{"0":[1,1],"1":[0,1],"2":[1,2],"3":[1,1]}}
,"C:\\Users\\FELIX ZAYAS\\abp_5dsm\\backend\\src\\service\\predictionService.ts": {"path":"C:\\Users\\FELIX ZAYAS\\abp_5dsm\\backend\\src\\service\\predictionService.ts","statementMap":{"0":{"start":{"line":117,"column":0},"end":{"line":117,"column":7}},"1":{"start":{"line":149,"column":0},"end":{"line":149,"column":7}},"2":{"start":{"line":1,"column":0},"end":{"line":1,"column":26}},"3":{"start":{"line":2,"column":0},"end":{"line":2,"column":60}},"4":{"start":{"line":4,"column":15},"end":{"line":4,"column":33}},"5":{"start":{"line":5,"column":20},"end":{"line":5,"column":70}},"6":{"start":{"line":6,"column":19},"end":{"line":6,"column":65}},"7":{"start":{"line":36,"column":2},"end":{"line":66,"column":3}},"8":{"start":{"line":37,"column":21},"end":{"line":45,"column":null}},"9":{"start":{"line":48,"column":4},"end":{"line":48,"column":64}},"10":{"start":{"line":51,"column":4},"end":{"line":55,"column":6}},"11":{"start":{"line":57,"column":4},"end":{"line":64,"column":5}},"12":{"start":{"line":58,"column":6},"end":{"line":60,"column":7}},"13":{"start":{"line":59,"column":8},"end":{"line":59,"column":67}},"14":{"start":{"line":61,"column":6},"end":{"line":63,"column":7}},"15":{"start":{"line":62,"column":8},"end":{"line":62,"column":54}},"16":{"start":{"line":65,"column":4},"end":{"line":65,"column":16}},"17":{"start":{"line":70,"column":2},"end":{"line":114,"column":3}},"18":{"start":{"line":71,"column":21},"end":{"line":79,"column":null}},"19":{"start":{"line":82,"column":4},"end":{"line":82,"column":68}},"20":{"start":{"line":85,"column":31},"end":{"line":87,"column":17}},"21":{"start":{"line":86,"column":16},"end":{"line":86,"column":70}},"22":{"start":{"line":89,"column":24},"end":{"line":92,"column":49}},"23":{"start":{"line":94,"column":4},"end":{"line":98,"column":6}},"24":{"start":{"line":100,"column":4},"end":{"line":112,"column":5}},"25":{"start":{"line":102,"column":6},"end":{"line":105,"column":7}},"26":{"start":{"line":103,"column":8},"end":{"line":103,"column":100}},"27":{"start":{"line":104,"column":8},"end":{"line":104,"column":104}},"28":{"start":{"line":106,"column":6},"end":{"line":108,"column":7}},"29":{"start":{"line":107,"column":8},"end":{"line":107,"column":67}},"30":{"start":{"line":109,"column":6},"end":{"line":111,"column":7}},"31":{"start":{"line":110,"column":8},"end":{"line":110,"column":54}},"32":{"start":{"line":113,"column":4},"end":{"line":113,"column":16}},"33":{"start":{"line":124,"column":2},"end":{"line":126,"column":3}},"34":{"start":{"line":125,"column":4},"end":{"line":125,"column":58}},"35":{"start":{"line":128,"column":2},"end":{"line":146,"column":5}},"36":{"start":{"line":153,"column":2},"end":{"line":153,"column":74}},"37":{"start":{"line":155,"column":19},"end":{"line":157,"column":41}},"38":{"start":{"line":159,"column":2},"end":{"line":159,"column":53}},"39":{"start":{"line":161,"column":2},"end":{"line":161,"column":18}}},"fnMap":{"0":{"name":"callDropoutService","decl":{"start":{"line":35,"column":15},"end":{"line":35,"column":33}},"loc":{"start":{"line":35,"column":43},"end":{"line":67,"column":1}}},"1":{"name":"callPerformanceService","decl":{"start":{"line":69,"column":15},"end":{"line":69,"column":37}},"loc":{"start":{"line":69,"column":47},"end":{"line":115,"column":1}}},"2":{"name":"(anonymous_3)","decl":{"start":{"line":86,"column":11},"end":{"line":86,"column":12}},"loc":{"start":{"line":86,"column":16},"end":{"line":86,"column":70}}},"3":{"name":"savePrediction","decl":{"start":{"line":117,"column":22},"end":{"line":117,"column":36}},"loc":{"start":{"line":121,"column":19},"end":{"line":147,"column":1}}},"4":{"name":"callMLService","decl":{"start":{"line":149,"column":22},"end":{"line":149,"column":35}},"loc":{"start":{"line":151,"column":12},"end":{"line":162,"column":1}}}},"branchMap":{"0":{"loc":{"start":{"line":5,"column":20},"end":{"line":5,"column":70}},"type":"binary-expr","locations":[{"start":{"line":5,"column":20},"end":{"line":5,"column":43}},{"start":{"line":5,"column":47},"end":{"line":5,"column":70}}]},"1":{"loc":{"start":{"line":6,"column":28},"end":{"line":6,"column":64}},"type":"binary-expr","locations":[{"start":{"line":6,"column":28},"end":{"line":6,"column":53}},{"start":{"line":6,"column":57},"end":{"line":6,"column":64}}]},"2":{"loc":{"start":{"line":57,"column":4},"end":{"line":64,"column":5}},"type":"if","locations":[{"start":{"line":57,"column":4},"end":{"line":64,"column":5}},{"start":{},"end":{}}]},"3":{"loc":{"start":{"line":58,"column":6},"end":{"line":60,"column":7}},"type":"if","locations":[{"start":{"line":58,"column":6},"end":{"line":60,"column":7}},{"start":{},"end":{}}]},"4":{"loc":{"start":{"line":58,"column":10},"end":{"line":58,"column":69}},"type":"binary-expr","locations":[{"start":{"line":58,"column":10},"end":{"line":58,"column":39}},{"start":{"line":58,"column":43},"end":{"line":58,"column":69}}]},"5":{"loc":{"start":{"line":61,"column":6},"end":{"line":63,"column":7}},"type":"if","locations":[{"start":{"line":61,"column":6},"end":{"line":63,"column":7}},{"start":{},"end":{}}]},"6":{"loc":{"start":{"line":100,"column":4},"end":{"line":112,"column":5}},"type":"if","locations":[{"start":{"line":100,"column":4},"end":{"line":112,"column":5}},{"start":{},"end":{}}]},"7":{"loc":{"start":{"line":102,"column":6},"end":{"line":105,"column":7}},"type":"if","locations":[{"start":{"line":102,"column":6},"end":{"line":105,"column":7}},{"start":{},"end":{}}]},"8":{"loc":{"start":{"line":106,"column":6},"end":{"line":108,"column":7}},"type":"if","locations":[{"start":{"line":106,"column":6},"end":{"line":108,"column":7}},{"start":{},"end":{}}]},"9":{"loc":{"start":{"line":106,"column":10},"end":{"line":106,"column":69}},"type":"binary-expr","locations":[{"start":{"line":106,"column":10},"end":{"line":106,"column":39}},{"start":{"line":106,"column":43},"end":{"line":106,"column":69}}]},"10":{"loc":{"start":{"line":109,"column":6},"end":{"line":111,"column":7}},"type":"if","locations":[{"start":{"line":109,"column":6},"end":{"line":111,"column":7}},{"start":{},"end":{}}]},"11":{"loc":{"start":{"line":124,"column":2},"end":{"line":126,"column":3}},"type":"if","locations":[{"start":{"line":124,"column":2},"end":{"line":126,"column":3}},{"start":{},"end":{}}]},"12":{"loc":{"start":{"line":124,"column":6},"end":{"line":124,"column":68}},"type":"binary-expr","locations":[{"start":{"line":124,"column":6},"end":{"line":124,"column":28}},{"start":{"line":124,"column":32},"end":{"line":124,"column":68}}]},"13":{"loc":{"start":{"line":134,"column":18},"end":{"line":134,"column":71}},"type":"binary-expr","locations":[{"start":{"line":134,"column":18},"end":{"line":134,"column":40}},{"start":{"line":134,"column":44},"end":{"line":134,"column":71}}]},"14":{"loc":{"start":{"line":155,"column":19},"end":{"line":157,"column":41}},"type":"cond-expr","locations":[{"start":{"line":156,"column":6},"end":{"line":156,"column":37}},{"start":{"line":157,"column":6},"end":{"line":157,"column":41}}]}},"s":{"0":2,"1":2,"2":2,"3":2,"4":2,"5":2,"6":2,"7":0,"8":0,"9":0,"10":0,"11":0,"12":0,"13":0,"14":0,"15":0,"16":0,"17":0,"18":0,"19":0,"20":0,"21":0,"22":0,"23":0,"24":0,"25":0,"26":0,"27":0,"28":0,"29":0,"30":0,"31":0,"32":0,"33":0,"34":0,"35":0,"36":0,"37":0,"38":0,"39":0},"f":{"0":0,"1":0,"2":0,"3":0,"4":0},"b":{"0":[2,2],"1":[2,2],"2":[0,0],"3":[0,0],"4":[0,0],"5":[0,0],"6":[0,0],"7":[0,0],"8":[0,0],"9":[0,0],"10":[0,0],"11":[0,0],"12":[0,0],"13":[0,0],"14":[0,0]}}
,"C:\\Users\\FELIX ZAYAS\\abp_5dsm\\backend\\src\\validation\\authSchemas.ts": {"path":"C:\\Users\\FELIX ZAYAS\\abp_5dsm\\backend\\src\\validation\\authSchemas.ts","statementMap":{"0":{"start":{"line":1,"column":0},"end":{"line":1,"column":23}},"1":{"start":{"line":3,"column":13},"end":{"line":14,"column":null}},"2":{"start":{"line":16,"column":13},"end":{"line":23,"column":null}},"3":{"start":{"line":25,"column":13},"end":{"line":30,"column":null}}},"fnMap":{},"branchMap":{},"s":{"0":2,"1":2,"2":2,"3":2},"f":{},"b":{}}
,"C:\\Users\\FELIX ZAYAS\\abp_5dsm\\backend\\src\\validation\\predictionSchemas.ts": {"path":"C:\\Users\\FELIX ZAYAS\\abp_5dsm\\backend\\src\\validation\\predictionSchemas.ts","statementMap":{"0":{"start":{"line":1,"column":0},"end":{"line":1,"column":23}},"1":{"start":{"line":3,"column":13},"end":{"line":7,"column":null}}},"fnMap":{},"branchMap":{},"s":{"0":2,"1":2},"f":{},"b":{}}
}
