TN:
SF:src\app.ts
FN:44,(anonymous_1)
FN:45,(anonymous_2)
FN:59,(anonymous_3)
FN:68,(anonymous_4)
FNF:4
FNH:1
FNDA:14,(anonymous_1)
FNDA:0,(anonymous_2)
FNDA:0,(anonymous_3)
FNDA:0,(anonymous_4)
DA:2,2
DA:3,2
DA:4,2
DA:5,2
DA:6,2
DA:7,2
DA:10,2
DA:12,2
DA:14,2
DA:17,2
DA:29,2
DA:37,2
DA:38,2
DA:41,2
DA:44,2
DA:45,14
DA:46,0
DA:48,14
DA:52,2
DA:53,2
DA:56,2
DA:59,2
DA:60,0
DA:68,2
DA:69,0
DA:70,0
DA:72,0
DA:81,2
DA:84,2
LF:29
LH:24
BRDA:30,0,0,2
BRDA:30,0,1,0
BRDA:72,1,0,0
BRDA:72,1,1,0
BRDA:74,2,0,0
BRDA:74,2,1,0
BRDA:75,3,0,0
BRDA:75,3,1,0
BRF:8
BRH:1
end_of_record
TN:
SF:src\config\database.ts
FNF:0
FNH:0
DA:1,2
DA:8,2
DA:14,2
DA:15,2
DA:18,2
LF:5
LH:5
BRDA:9,0,0,2
BRDA:9,0,1,2
BRDA:14,1,0,2
BRDA:14,1,1,0
BRF:4
BRH:3
end_of_record
TN:
SF:src\controllers\alunoController.ts
FN:7,(anonymous_0)
FN:69,(anonymous_1)
FN:126,(anonymous_2)
FN:177,(anonymous_3)
FN:233,(anonymous_4)
FN:257,(anonymous_5)
FN:287,(anonymous_6)
FN:329,(anonymous_7)
FN:354,(anonymous_8)
FN:369,(anonymous_9)
FN:420,(anonymous_10)
FN:448,(anonymous_11)
FNF:12
FNH:5
FNDA:1,(anonymous_0)
FNDA:1,(anonymous_1)
FNDA:3,(anonymous_2)
FNDA:2,(anonymous_3)
FNDA:2,(anonymous_4)
FNDA:0,(anonymous_5)
FNDA:0,(anonymous_6)
FNDA:0,(anonymous_7)
FNDA:0,(anonymous_8)
FNDA:0,(anonymous_9)
FNDA:0,(anonymous_10)
FNDA:0,(anonymous_11)
DA:2,2
DA:3,2
DA:5,2
DA:8,1
DA:9,1
DA:10,1
DA:12,1
DA:23,1
DA:53,1
DA:63,0
DA:64,0
DA:70,1
DA:71,1
DA:73,1
DA:114,1
DA:115,0
DA:118,1
DA:120,0
DA:121,0
DA:127,3
DA:128,3
DA:130,3
DA:131,0
DA:135,3
DA:139,3
DA:140,1
DA:143,2
DA:166,1
DA:168,1
DA:169,1
DA:170,1
DA:172,0
DA:178,2
DA:179,2
DA:180,2
DA:183,2
DA:184,1
DA:188,1
DA:189,0
DA:193,2
DA:217,1
DA:219,1
DA:220,1
DA:221,1
DA:222,1
DA:224,0
DA:225,0
DA:228,0
DA:234,2
DA:235,2
DA:237,2
DA:241,1
DA:243,1
DA:244,1
DA:245,1
DA:246,1
DA:248,0
DA:249,0
DA:252,0
DA:258,0
DA:259,0
DA:260,0
DA:262,0
DA:267,0
DA:279,0
DA:281,0
DA:282,0
DA:288,0
DA:289,0
DA:290,0
DA:292,0
DA:298,0
DA:321,0
DA:323,0
DA:324,0
DA:330,0
DA:331,0
DA:334,0
DA:349,0
DA:350,0
DA:354,0
DA:361,0
DA:363,0
DA:364,0
DA:370,0
DA:371,0
DA:372,0
DA:378,0
DA:383,0
DA:384,0
DA:388,0
DA:392,0
DA:393,0
DA:394,0
DA:396,0
DA:400,0
DA:415,0
DA:416,0
DA:420,0
DA:422,0
DA:439,0
DA:441,0
DA:442,0
DA:443,0
DA:444,0
DA:448,0
DA:449,0
DA:450,0
DA:451,0
DA:455,0
DA:460,0
DA:461,0
DA:462,0
DA:463,0
DA:464,0
DA:466,0
DA:467,0
DA:468,0
DA:471,0
DA:480,0
DA:482,0
DA:483,0
LF:122
LH:45
BRDA:9,0,0,1
BRDA:9,1,0,1
BRDA:13,2,0,1
BRDA:13,2,1,0
BRDA:19,3,0,1
BRDA:19,3,1,0
BRDA:20,4,0,1
BRDA:20,4,1,0
BRDA:114,5,0,0
BRDA:114,5,1,1
BRDA:130,6,0,0
BRDA:130,6,1,3
BRDA:130,7,0,3
BRDA:130,7,1,3
BRDA:130,7,2,3
BRDA:139,8,0,1
BRDA:139,8,1,2
BRDA:169,9,0,1
BRDA:169,9,1,0
BRDA:169,10,0,1
BRDA:169,10,1,1
BRDA:183,11,0,1
BRDA:183,11,1,1
BRDA:188,12,0,0
BRDA:188,12,1,1
BRDA:220,13,0,1
BRDA:220,13,1,0
BRDA:221,14,0,1
BRDA:221,14,1,0
BRDA:224,15,0,0
BRDA:224,15,1,0
BRDA:244,16,0,1
BRDA:244,16,1,0
BRDA:245,17,0,1
BRDA:245,17,1,0
BRDA:248,18,0,0
BRDA:248,18,1,0
BRDA:264,19,0,0
BRDA:264,19,1,0
BRDA:294,20,0,0
BRDA:294,20,1,0
BRDA:295,21,0,0
BRDA:295,21,1,0
BRDA:349,22,0,0
BRDA:349,22,1,0
BRDA:372,23,0,0
BRDA:383,24,0,0
BRDA:383,24,1,0
BRDA:392,25,0,0
BRDA:392,25,1,0
BRDA:394,26,0,0
BRDA:394,26,1,0
BRDA:415,27,0,0
BRDA:415,27,1,0
BRDA:442,28,0,0
BRDA:442,28,1,0
BRDA:443,29,0,0
BRDA:443,29,1,0
BRDA:443,30,0,0
BRDA:443,30,1,0
BRDA:444,31,0,0
BRDA:444,31,1,0
BRDA:444,32,0,0
BRDA:444,32,1,0
BRDA:449,33,0,0
BRDA:449,33,1,0
BRDA:455,34,0,0
BRDA:455,34,1,0
BRDA:461,35,0,0
BRDA:461,35,1,0
BRDA:463,36,0,0
BRDA:463,36,1,0
BRDA:464,37,0,0
BRDA:464,37,1,0
BRDA:466,38,0,0
BRDA:466,38,1,0
BRDA:466,39,0,0
BRDA:466,39,1,0
BRDA:468,40,0,0
BRDA:468,40,1,0
BRDA:468,41,0,0
BRDA:468,41,1,0
BRF:82
BRH:22
end_of_record
TN:
SF:src\controllers\authController.ts
FN:11,(anonymous_1)
FN:53,(anonymous_2)
FN:109,(anonymous_3)
FN:148,(anonymous_4)
FN:190,(anonymous_5)
FNF:5
FNH:3
FNDA:0,(anonymous_1)
FNDA:3,(anonymous_2)
FNDA:0,(anonymous_3)
FNDA:1,(anonymous_4)
FNDA:1,(anonymous_5)
DA:2,2
DA:3,2
DA:4,2
DA:5,2
DA:6,2
DA:7,2
DA:9,2
DA:12,0
DA:13,0
DA:15,0
DA:16,0
DA:20,0
DA:24,0
DA:25,0
DA:29,0
DA:45,0
DA:47,0
DA:48,0
DA:54,3
DA:55,3
DA:57,3
DA:58,0
DA:61,3
DA:73,3
DA:74,0
DA:78,3
DA:79,3
DA:80,1
DA:84,2
DA:85,2
DA:96,2
DA:97,2
DA:103,0
DA:104,0
DA:110,0
DA:111,0
DA:113,0
DA:114,0
DA:117,0
DA:119,0
DA:120,0
DA:123,0
DA:125,0
DA:126,0
DA:133,0
DA:136,0
DA:138,0
DA:139,0
DA:142,0
DA:143,0
DA:149,1
DA:150,1
DA:151,0
DA:154,1
DA:178,1
DA:179,0
DA:182,1
DA:184,0
DA:185,0
DA:191,1
DA:192,1
DA:193,1
DA:195,1
DA:196,0
DA:199,1
DA:203,1
DA:204,0
DA:207,1
DA:208,1
DA:210,1
DA:215,1
DA:217,0
DA:218,0
LF:73
LH:34
BRDA:13,0,0,0
BRDA:15,1,0,0
BRDA:15,1,1,0
BRDA:15,2,0,0
BRDA:15,2,1,0
BRDA:15,2,2,0
BRDA:24,3,0,0
BRDA:24,3,1,0
BRDA:57,4,0,0
BRDA:57,4,1,3
BRDA:57,5,0,3
BRDA:57,5,1,3
BRDA:73,6,0,0
BRDA:73,6,1,3
BRDA:79,7,0,1
BRDA:79,7,1,2
BRDA:84,8,0,2
BRDA:84,8,1,0
BRDA:113,9,0,0
BRDA:113,9,1,0
BRDA:119,10,0,0
BRDA:119,10,1,0
BRDA:138,11,0,0
BRDA:138,11,1,0
BRDA:138,12,0,0
BRDA:138,12,1,0
BRDA:150,13,0,0
BRDA:150,13,1,1
BRDA:178,14,0,0
BRDA:178,14,1,1
BRDA:195,15,0,0
BRDA:195,15,1,1
BRDA:203,16,0,0
BRDA:203,16,1,1
BRF:34
BRH:11
end_of_record
TN:
SF:src\controllers\cursoController.ts
FN:8,(anonymous_0)
FN:56,(anonymous_1)
FN:90,(anonymous_2)
FN:126,(anonymous_3)
FN:160,(anonymous_4)
FNF:5
FNH:0
FNDA:0,(anonymous_0)
FNDA:0,(anonymous_1)
FNDA:0,(anonymous_2)
FNDA:0,(anonymous_3)
FNDA:0,(anonymous_4)
DA:2,2
DA:3,2
DA:6,2
DA:9,0
DA:10,0
DA:11,0
DA:13,0
DA:22,0
DA:40,0
DA:50,0
DA:51,0
DA:57,0
DA:58,0
DA:60,0
DA:78,0
DA:79,0
DA:82,0
DA:84,0
DA:85,0
DA:91,0
DA:92,0
DA:94,0
DA:95,0
DA:98,0
DA:113,0
DA:115,0
DA:116,0
DA:117,0
DA:118,0
DA:121,0
DA:127,0
DA:128,0
DA:129,0
DA:131,0
DA:147,0
DA:149,0
DA:150,0
DA:151,0
DA:152,0
DA:155,0
DA:161,0
DA:162,0
DA:164,0
DA:168,0
DA:170,0
DA:171,0
DA:172,0
DA:173,0
DA:175,0
DA:176,0
DA:179,0
LF:51
LH:3
BRDA:10,0,0,0
BRDA:10,1,0,0
BRDA:14,2,0,0
BRDA:14,2,1,0
BRDA:78,3,0,0
BRDA:78,3,1,0
BRDA:94,4,0,0
BRDA:94,4,1,0
BRDA:116,5,0,0
BRDA:116,5,1,0
BRDA:117,6,0,0
BRDA:117,6,1,0
BRDA:150,7,0,0
BRDA:150,7,1,0
BRDA:151,8,0,0
BRDA:151,8,1,0
BRDA:171,9,0,0
BRDA:171,9,1,0
BRDA:172,10,0,0
BRDA:172,10,1,0
BRDA:175,11,0,0
BRDA:175,11,1,0
BRF:22
BRH:0
end_of_record
TN:
SF:src\controllers\dashboardController.ts
FN:10,(anonymous_0)
FN:79,(anonymous_1)
FNF:2
FNH:0
FNDA:0,(anonymous_0)
FNDA:0,(anonymous_1)
DA:2,2
DA:3,2
DA:5,2
DA:11,0
DA:12,0
DA:13,0
DA:16,0
DA:30,0
DA:31,0
DA:35,0
DA:42,0
DA:45,0
DA:48,0
DA:50,0
DA:69,0
DA:70,0
DA:80,0
DA:81,0
DA:82,0
DA:85,0
DA:95,0
DA:96,0
DA:100,0
DA:107,0
DA:109,0
DA:111,0
DA:119,0
DA:120,0
LF:28
LH:3
BRDA:30,0,0,0
BRDA:30,0,1,0
BRDA:36,1,0,0
BRDA:36,1,1,0
BRDA:37,2,0,0
BRDA:37,2,1,0
BRDA:57,3,0,0
BRDA:57,3,1,0
BRDA:58,4,0,0
BRDA:58,4,1,0
BRDA:95,5,0,0
BRDA:95,5,1,0
BRDA:101,6,0,0
BRDA:101,6,1,0
BRDA:102,7,0,0
BRDA:102,7,1,0
BRF:16
BRH:0
end_of_record
TN:
SF:src\controllers\dashboardIESController.ts
FN:7,(anonymous_0)
FN:71,(anonymous_1)
FN:76,(anonymous_2)
FN:87,(anonymous_3)
FN:89,(anonymous_4)
FN:90,(anonymous_5)
FN:123,(anonymous_6)
FN:124,(anonymous_7)
FN:137,(anonymous_8)
FN:148,(anonymous_9)
FN:162,(anonymous_10)
FN:167,(anonymous_11)
FN:172,(anonymous_12)
FN:193,(anonymous_13)
FN:231,(anonymous_14)
FN:232,(anonymous_15)
FN:302,(anonymous_16)
FN:303,(anonymous_17)
FN:311,(anonymous_18)
FN:319,(anonymous_19)
FNF:20
FNH:0
FNDA:0,(anonymous_0)
FNDA:0,(anonymous_1)
FNDA:0,(anonymous_2)
FNDA:0,(anonymous_3)
FNDA:0,(anonymous_4)
FNDA:0,(anonymous_5)
FNDA:0,(anonymous_6)
FNDA:0,(anonymous_7)
FNDA:0,(anonymous_8)
FNDA:0,(anonymous_9)
FNDA:0,(anonymous_10)
FNDA:0,(anonymous_11)
FNDA:0,(anonymous_12)
FNDA:0,(anonymous_13)
FNDA:0,(anonymous_14)
FNDA:0,(anonymous_15)
FNDA:0,(anonymous_16)
FNDA:0,(anonymous_17)
FNDA:0,(anonymous_18)
FNDA:0,(anonymous_19)
DA:2,2
DA:5,2
DA:8,0
DA:9,0
DA:10,0
DA:23,0
DA:32,0
DA:44,0
DA:56,0
DA:63,0
DA:70,0
DA:72,0
DA:76,0
DA:87,0
DA:88,0
DA:89,0
DA:90,0
DA:92,0
DA:96,0
DA:99,0
DA:122,0
DA:124,0
DA:125,0
DA:126,0
DA:128,0
DA:135,0
DA:136,0
DA:137,0
DA:140,0
DA:147,0
DA:148,0
DA:152,0
DA:162,0
DA:167,0
DA:172,0
DA:180,0
DA:181,0
DA:194,0
DA:195,0
DA:197,0
DA:203,0
DA:227,0
DA:228,0
DA:229,0
DA:231,0
DA:232,0
DA:233,0
DA:234,0
DA:237,0
DA:238,0
DA:239,0
DA:241,0
DA:242,0
DA:243,0
DA:244,0
DA:246,0
DA:247,0
DA:249,0
DA:250,0
DA:253,0
DA:254,0
DA:255,0
DA:256,0
DA:257,0
DA:258,0
DA:259,0
DA:260,0
DA:262,0
DA:263,0
DA:264,0
DA:265,0
DA:269,0
DA:270,0
DA:271,0
DA:273,0
DA:274,0
DA:275,0
DA:276,0
DA:278,0
DA:279,0
DA:280,0
DA:281,0
DA:285,0
DA:286,0
DA:287,0
DA:289,0
DA:290,0
DA:291,0
DA:292,0
DA:294,0
DA:295,0
DA:296,0
DA:297,0
DA:302,0
DA:303,0
DA:305,0
DA:311,0
DA:319,0
DA:329,0
DA:336,0
DA:337,0
LF:101
LH:2
BRDA:11,0,0,0
BRDA:11,0,1,0
BRDA:12,1,0,0
BRDA:12,1,1,0
BRDA:13,2,0,0
BRDA:13,2,1,0
BRDA:27,3,0,0
BRDA:27,3,1,0
BRDA:38,4,0,0
BRDA:38,4,1,0
BRDA:50,5,0,0
BRDA:50,5,1,0
BRDA:50,6,0,0
BRDA:50,6,1,0
BRDA:59,7,0,0
BRDA:59,7,1,0
BRDA:72,8,0,0
BRDA:72,8,1,0
BRDA:78,9,0,0
BRDA:78,9,1,0
BRDA:79,10,0,0
BRDA:79,10,1,0
BRDA:80,11,0,0
BRDA:80,11,1,0
BRDA:89,12,0,0
BRDA:89,12,1,0
BRDA:92,13,0,0
BRDA:92,13,1,0
BRDA:125,14,0,0
BRDA:125,14,1,0
BRDA:131,15,0,0
BRDA:131,15,1,0
BRDA:137,16,0,0
BRDA:137,16,1,0
BRDA:137,17,0,0
BRDA:137,17,1,0
BRDA:142,18,0,0
BRDA:142,18,1,0
BRDA:165,19,0,0
BRDA:165,19,1,0
BRDA:170,20,0,0
BRDA:170,20,1,0
BRDA:198,21,0,0
BRDA:198,21,1,0
BRDA:199,22,0,0
BRDA:199,22,1,0
BRDA:200,23,0,0
BRDA:200,23,1,0
BRDA:204,24,0,0
BRDA:204,24,1,0
BRDA:231,25,0,0
BRDA:231,25,1,0
BRDA:233,26,0,0
BRDA:233,26,1,0
BRDA:234,27,0,0
BRDA:234,27,1,0
BRDA:234,28,0,0
BRDA:234,28,1,0
BRDA:239,29,0,0
BRDA:239,29,1,0
BRDA:241,30,0,0
BRDA:241,30,1,0
BRDA:242,31,0,0
BRDA:242,31,1,0
BRDA:246,32,0,0
BRDA:246,32,1,0
BRDA:246,33,0,0
BRDA:246,33,1,0
BRDA:249,34,0,0
BRDA:249,34,1,0
BRDA:249,35,0,0
BRDA:249,35,1,0
BRDA:254,36,0,0
BRDA:254,36,1,0
BRDA:257,37,0,0
BRDA:257,37,1,0
BRDA:262,38,0,0
BRDA:262,38,1,0
BRDA:269,39,0,0
BRDA:269,39,1,0
BRDA:269,40,0,0
BRDA:269,40,1,0
BRDA:271,41,0,0
BRDA:271,41,1,0
BRDA:273,42,0,0
BRDA:273,42,1,0
BRDA:276,43,0,0
BRDA:276,43,1,0
BRDA:278,44,0,0
BRDA:278,44,1,0
BRDA:281,45,0,0
BRDA:281,45,1,0
BRDA:285,46,0,0
BRDA:285,46,1,0
BRDA:285,47,0,0
BRDA:285,47,1,0
BRDA:287,48,0,0
BRDA:287,48,1,0
BRDA:289,49,0,0
BRDA:289,49,1,0
BRDA:292,50,0,0
BRDA:292,50,1,0
BRDA:294,51,0,0
BRDA:294,51,1,0
BRDA:297,52,0,0
BRDA:297,52,1,0
BRDA:302,53,0,0
BRDA:302,53,1,0
BRDA:303,54,0,0
BRDA:303,54,1,0
BRDA:330,55,0,0
BRDA:330,55,1,0
BRDA:330,56,0,0
BRDA:330,56,1,0
BRDA:330,57,0,0
BRDA:330,57,1,0
BRF:116
BRH:0
end_of_record
TN:
SF:src\controllers\disciplinaController.ts
FN:7,(anonymous_0)
FN:62,(anonymous_1)
FN:108,(anonymous_2)
FN:161,(anonymous_3)
FN:205,(anonymous_4)
FN:229,(anonymous_5)
FNF:6
FNH:0
FNDA:0,(anonymous_0)
FNDA:0,(anonymous_1)
FNDA:0,(anonymous_2)
FNDA:0,(anonymous_3)
FNDA:0,(anonymous_4)
FNDA:0,(anonymous_5)
DA:2,2
DA:3,2
DA:5,2
DA:8,0
DA:9,0
DA:10,0
DA:12,0
DA:23,0
DA:46,0
DA:56,0
DA:57,0
DA:63,0
DA:64,0
DA:66,0
DA:96,0
DA:97,0
DA:100,0
DA:102,0
DA:103,0
DA:109,0
DA:110,0
DA:112,0
DA:113,0
DA:117,0
DA:121,0
DA:122,0
DA:125,0
DA:148,0
DA:150,0
DA:151,0
DA:152,0
DA:153,0
DA:156,0
DA:162,0
DA:163,0
DA:164,0
DA:166,0
DA:189,0
DA:191,0
DA:192,0
DA:193,0
DA:194,0
DA:196,0
DA:197,0
DA:200,0
DA:206,0
DA:207,0
DA:209,0
DA:213,0
DA:215,0
DA:216,0
DA:217,0
DA:218,0
DA:220,0
DA:221,0
DA:224,0
DA:230,0
DA:231,0
DA:232,0
DA:234,0
DA:239,0
DA:251,0
DA:253,0
DA:254,0
LF:64
LH:3
BRDA:9,0,0,0
BRDA:9,1,0,0
BRDA:13,2,0,0
BRDA:13,2,1,0
BRDA:19,3,0,0
BRDA:19,3,1,0
BRDA:20,4,0,0
BRDA:20,4,1,0
BRDA:96,5,0,0
BRDA:96,5,1,0
BRDA:110,6,0,0
BRDA:112,7,0,0
BRDA:112,7,1,0
BRDA:112,8,0,0
BRDA:112,8,1,0
BRDA:121,9,0,0
BRDA:121,9,1,0
BRDA:151,10,0,0
BRDA:151,10,1,0
BRDA:152,11,0,0
BRDA:152,11,1,0
BRDA:192,12,0,0
BRDA:192,12,1,0
BRDA:193,13,0,0
BRDA:193,13,1,0
BRDA:196,14,0,0
BRDA:196,14,1,0
BRDA:216,15,0,0
BRDA:216,15,1,0
BRDA:217,16,0,0
BRDA:217,16,1,0
BRDA:220,17,0,0
BRDA:220,17,1,0
BRDA:236,18,0,0
BRDA:236,18,1,0
BRF:35
BRH:0
end_of_record
TN:
SF:src\controllers\matriculaController.ts
FN:7,(anonymous_0)
FN:76,(anonymous_1)
FN:119,(anonymous_2)
FN:227,(anonymous_3)
FN:284,(anonymous_4)
FN:305,(anonymous_5)
FN:347,(anonymous_6)
FN:391,(anonymous_7)
FN:441,(anonymous_8)
FN:457,(anonymous_9)
FNF:10
FNH:0
FNDA:0,(anonymous_0)
FNDA:0,(anonymous_1)
FNDA:0,(anonymous_2)
FNDA:0,(anonymous_3)
FNDA:0,(anonymous_4)
FNDA:0,(anonymous_5)
FNDA:0,(anonymous_6)
FNDA:0,(anonymous_7)
FNDA:0,(anonymous_8)
FNDA:0,(anonymous_9)
DA:2,2
DA:3,2
DA:5,2
DA:8,0
DA:9,0
DA:10,0
DA:12,0
DA:19,0
DA:60,0
DA:70,0
DA:71,0
DA:77,0
DA:78,0
DA:80,0
DA:107,0
DA:108,0
DA:111,0
DA:113,0
DA:114,0
DA:120,0
DA:121,0
DA:123,0
DA:124,0
DA:128,0
DA:135,0
DA:136,0
DA:140,0
DA:147,0
DA:148,0
DA:152,0
DA:156,0
DA:157,0
DA:161,0
DA:162,0
DA:166,0
DA:167,0
DA:171,0
DA:172,0
DA:175,0
DA:214,0
DA:216,0
DA:217,0
DA:218,0
DA:219,0
DA:222,0
DA:228,0
DA:229,0
DA:230,0
DA:232,0
DA:233,0
DA:236,0
DA:271,0
DA:273,0
DA:274,0
DA:275,0
DA:276,0
DA:279,0
DA:285,0
DA:286,0
DA:288,0
DA:292,0
DA:294,0
DA:295,0
DA:296,0
DA:297,0
DA:300,0
DA:306,0
DA:307,0
DA:308,0
DA:310,0
DA:316,0
DA:339,0
DA:341,0
DA:342,0
DA:348,0
DA:349,0
DA:350,0
DA:352,0
DA:358,0
DA:383,0
DA:385,0
DA:386,0
DA:392,0
DA:393,0
DA:394,0
DA:396,0
DA:404,0
DA:433,0
DA:435,0
DA:436,0
DA:442,0
DA:443,0
DA:445,0
DA:446,0
DA:450,0
DA:451,0
DA:452,0
DA:456,0
DA:458,0
DA:481,0
DA:486,0
DA:487,0
DA:488,0
DA:489,0
DA:492,0
LF:105
LH:3
BRDA:9,0,0,0
BRDA:9,1,0,0
BRDA:13,2,0,0
BRDA:13,2,1,0
BRDA:14,3,0,0
BRDA:14,3,1,0
BRDA:15,4,0,0
BRDA:15,4,1,0
BRDA:16,5,0,0
BRDA:16,5,1,0
BRDA:107,6,0,0
BRDA:107,6,1,0
BRDA:121,7,0,0
BRDA:123,8,0,0
BRDA:123,8,1,0
BRDA:123,9,0,0
BRDA:123,9,1,0
BRDA:123,9,2,0
BRDA:135,10,0,0
BRDA:135,10,1,0
BRDA:147,11,0,0
BRDA:147,11,1,0
BRDA:156,12,0,0
BRDA:156,12,1,0
BRDA:161,13,0,0
BRDA:161,13,1,0
BRDA:166,14,0,0
BRDA:166,14,1,0
BRDA:171,15,0,0
BRDA:171,15,1,0
BRDA:217,16,0,0
BRDA:217,16,1,0
BRDA:218,17,0,0
BRDA:218,17,1,0
BRDA:232,18,0,0
BRDA:232,18,1,0
BRDA:232,19,0,0
BRDA:232,19,1,0
BRDA:274,20,0,0
BRDA:274,20,1,0
BRDA:275,21,0,0
BRDA:275,21,1,0
BRDA:295,22,0,0
BRDA:295,22,1,0
BRDA:296,23,0,0
BRDA:296,23,1,0
BRDA:312,24,0,0
BRDA:312,24,1,0
BRDA:313,25,0,0
BRDA:313,25,1,0
BRDA:354,26,0,0
BRDA:354,26,1,0
BRDA:355,27,0,0
BRDA:355,27,1,0
BRDA:398,28,0,0
BRDA:398,28,1,0
BRDA:399,29,0,0
BRDA:399,29,1,0
BRDA:445,30,0,0
BRDA:445,30,1,0
BRDA:445,31,0,0
BRDA:445,31,1,0
BRDA:451,32,0,0
BRDA:451,32,1,0
BRDA:451,33,0,0
BRDA:451,33,1,0
BRDA:451,33,2,0
BRDA:463,34,0,0
BRDA:463,34,1,0
BRDA:487,35,0,0
BRDA:487,35,1,0
BRDA:488,36,0,0
BRDA:488,36,1,0
BRF:73
BRH:0
end_of_record
TN:
SF:src\controllers\periodoLetivoController.ts
FN:7,(anonymous_0)
FN:52,(anonymous_1)
FN:103,(anonymous_2)
FN:176,(anonymous_3)
FN:266,(anonymous_4)
FN:290,(anonymous_5)
FN:321,(anonymous_6)
FNF:7
FNH:0
FNDA:0,(anonymous_0)
FNDA:0,(anonymous_1)
FNDA:0,(anonymous_2)
FNDA:0,(anonymous_3)
FNDA:0,(anonymous_4)
FNDA:0,(anonymous_5)
FNDA:0,(anonymous_6)
DA:2,2
DA:3,2
DA:5,2
DA:8,0
DA:9,0
DA:10,0
DA:12,0
DA:19,0
DA:36,0
DA:46,0
DA:47,0
DA:53,0
DA:54,0
DA:56,0
DA:91,0
DA:92,0
DA:95,0
DA:97,0
DA:98,0
DA:104,0
DA:105,0
DA:107,0
DA:108,0
DA:112,0
DA:113,0
DA:115,0
DA:116,0
DA:120,0
DA:121,0
DA:147,0
DA:148,0
DA:152,0
DA:168,0
DA:170,0
DA:171,0
DA:177,0
DA:178,0
DA:179,0
DA:182,0
DA:183,0
DA:184,0
DA:186,0
DA:187,0
DA:192,0
DA:193,0
DA:197,0
DA:198,0
DA:201,0
DA:202,0
DA:204,0
DA:231,0
DA:232,0
DA:236,0
DA:253,0
DA:255,0
DA:256,0
DA:257,0
DA:258,0
DA:261,0
DA:267,0
DA:268,0
DA:270,0
DA:274,0
DA:276,0
DA:277,0
DA:278,0
DA:279,0
DA:281,0
DA:282,0
DA:285,0
DA:291,0
DA:292,0
DA:294,0
DA:309,0
DA:310,0
DA:313,0
DA:315,0
DA:316,0
DA:322,0
DA:323,0
DA:326,0
DA:330,0
DA:331,0
DA:335,0
DA:355,0
DA:357,0
DA:358,0
LF:87
LH:3
BRDA:9,0,0,0
BRDA:9,1,0,0
BRDA:13,2,0,0
BRDA:13,2,1,0
BRDA:16,3,0,0
BRDA:16,3,1,0
BRDA:91,4,0,0
BRDA:91,4,1,0
BRDA:105,5,0,0
BRDA:107,6,0,0
BRDA:107,6,1,0
BRDA:107,7,0,0
BRDA:107,7,1,0
BRDA:107,7,2,0
BRDA:115,8,0,0
BRDA:115,8,1,0
BRDA:120,9,0,0
BRDA:120,9,1,0
BRDA:147,10,0,0
BRDA:147,10,1,0
BRDA:182,11,0,0
BRDA:182,11,1,0
BRDA:182,12,0,0
BRDA:182,12,1,0
BRDA:186,13,0,0
BRDA:186,13,1,0
BRDA:192,14,0,0
BRDA:192,14,1,0
BRDA:197,15,0,0
BRDA:197,15,1,0
BRDA:201,16,0,0
BRDA:201,16,1,0
BRDA:202,17,0,0
BRDA:202,17,1,0
BRDA:231,18,0,0
BRDA:231,18,1,0
BRDA:240,19,0,0
BRDA:240,19,1,0
BRDA:241,20,0,0
BRDA:241,20,1,0
BRDA:256,21,0,0
BRDA:256,21,1,0
BRDA:257,22,0,0
BRDA:257,22,1,0
BRDA:277,23,0,0
BRDA:277,23,1,0
BRDA:278,24,0,0
BRDA:278,24,1,0
BRDA:281,25,0,0
BRDA:281,25,1,0
BRDA:309,26,0,0
BRDA:309,26,1,0
BRDA:330,27,0,0
BRDA:330,27,1,0
BRF:54
BRH:0
end_of_record
TN:
SF:src\controllers\predictionController.ts
FN:8,(anonymous_0)
FN:29,(anonymous_1)
FN:57,(anonymous_2)
FN:96,(anonymous_3)
FN:164,(anonymous_4)
FN:196,(anonymous_5)
FN:211,(anonymous_6)
FN:235,(anonymous_7)
FNF:8
FNH:0
FNDA:0,(anonymous_0)
FNDA:0,(anonymous_1)
FNDA:0,(anonymous_2)
FNDA:0,(anonymous_3)
FNDA:0,(anonymous_4)
FNDA:0,(anonymous_5)
FNDA:0,(anonymous_6)
FNDA:0,(anonymous_7)
DA:2,2
DA:3,2
DA:5,2
DA:7,2
DA:9,0
DA:10,0
DA:22,0
DA:24,0
DA:25,0
DA:30,0
DA:31,0
DA:33,0
DA:46,0
DA:47,0
DA:50,0
DA:52,0
DA:53,0
DA:58,0
DA:59,0
DA:61,0
DA:65,0
DA:66,0
DA:69,0
DA:89,0
DA:91,0
DA:92,0
DA:97,0
DA:98,0
DA:100,0
DA:101,0
DA:106,0
DA:107,0
DA:112,0
DA:116,0
DA:117,0
DA:122,0
DA:123,0
DA:125,0
DA:126,0
DA:130,0
DA:131,0
DA:135,0
DA:138,0
DA:145,0
DA:159,0
DA:160,0
DA:165,0
DA:166,0
DA:167,0
DA:169,0
DA:189,0
DA:191,0
DA:192,0
DA:197,0
DA:198,0
DA:200,0
DA:204,0
DA:206,0
DA:207,0
DA:212,0
DA:213,0
DA:215,0
DA:228,0
DA:230,0
DA:231,0
DA:236,0
DA:237,0
DA:239,0
DA:252,0
DA:254,0
DA:255,0
LF:71
LH:4
BRDA:46,0,0,0
BRDA:46,0,1,0
BRDA:65,1,0,0
BRDA:65,1,1,0
BRDA:100,2,0,0
BRDA:100,2,1,0
BRDA:100,3,0,0
BRDA:100,3,1,0
BRDA:100,3,2,0
BRDA:106,4,0,0
BRDA:106,4,1,0
BRDA:106,5,0,0
BRDA:106,5,1,0
BRDA:116,6,0,0
BRDA:116,6,1,0
BRDA:125,7,0,0
BRDA:125,7,1,0
BRDA:130,8,0,0
BRDA:130,8,1,0
BRF:19
BRH:0
end_of_record
TN:
SF:src\controllers\userController.ts
FN:68,(anonymous_0)
FN:86,(anonymous_1)
FN:98,(anonymous_2)
FN:102,(anonymous_3)
FN:108,(anonymous_4)
FN:140,(anonymous_5)
FN:160,(anonymous_6)
FN:202,(anonymous_7)
FN:237,(anonymous_8)
FN:268,(anonymous_9)
FN:316,(anonymous_10)
FN:339,(anonymous_11)
FN:378,(anonymous_12)
FNF:13
FNH:0
FNDA:0,(anonymous_0)
FNDA:0,(anonymous_1)
FNDA:0,(anonymous_2)
FNDA:0,(anonymous_3)
FNDA:0,(anonymous_4)
FNDA:0,(anonymous_5)
FNDA:0,(anonymous_6)
FNDA:0,(anonymous_7)
FNDA:0,(anonymous_8)
FNDA:0,(anonymous_9)
FNDA:0,(anonymous_10)
FNDA:0,(anonymous_11)
FNDA:0,(anonymous_12)
DA:2,2
DA:3,2
DA:4,2
DA:40,2
DA:41,2
DA:42,2
DA:44,2
DA:69,0
DA:71,0
DA:72,0
DA:74,0
DA:76,0
DA:78,0
DA:82,0
DA:83,0
DA:87,0
DA:99,0
DA:103,0
DA:104,0
DA:109,0
DA:110,0
DA:111,0
DA:112,0
DA:114,0
DA:125,0
DA:135,0
DA:141,0
DA:142,0
DA:144,0
DA:149,0
DA:150,0
DA:153,0
DA:155,0
DA:161,0
DA:162,0
DA:165,0
DA:166,0
DA:171,0
DA:172,0
DA:176,0
DA:180,0
DA:181,0
DA:185,0
DA:186,0
DA:187,0
DA:192,0
DA:196,0
DA:197,0
DA:202,0
DA:203,0
DA:213,0
DA:214,0
DA:226,0
DA:229,0
DA:230,0
DA:232,0
DA:238,0
DA:239,0
DA:240,0
DA:243,0
DA:248,0
DA:249,0
DA:253,0
DA:254,0
DA:258,0
DA:259,0
DA:262,0
DA:263,0
DA:268,0
DA:269,0
DA:280,0
DA:281,0
DA:282,0
DA:291,0
DA:292,0
DA:305,0
DA:308,0
DA:309,0
DA:311,0
DA:317,0
DA:318,0
DA:320,0
DA:324,0
DA:325,0
DA:328,0
DA:332,0
DA:334,0
DA:340,0
DA:341,0
DA:343,0
DA:344,0
DA:347,0
DA:371,0
DA:373,0
DA:379,0
DA:380,0
DA:381,0
DA:383,0
DA:384,0
DA:389,0
DA:393,0
DA:394,0
DA:397,0
DA:402,0
DA:404,0
LF:105
LH:7
BRDA:71,0,0,0
BRDA:71,0,1,0
BRDA:72,1,0,0
BRDA:72,1,1,0
BRDA:72,1,2,0
BRDA:82,2,0,0
BRDA:82,2,1,0
BRDA:88,3,0,0
BRDA:88,3,1,0
BRDA:94,4,0,0
BRDA:94,4,1,0
BRDA:110,5,0,0
BRDA:110,6,0,0
BRDA:149,7,0,0
BRDA:149,7,1,0
BRDA:165,8,0,0
BRDA:165,8,1,0
BRDA:165,9,0,0
BRDA:165,9,1,0
BRDA:165,9,2,0
BRDA:165,9,3,0
BRDA:171,10,0,0
BRDA:171,10,1,0
BRDA:180,11,0,0
BRDA:180,11,1,0
BRDA:185,12,0,0
BRDA:185,12,1,0
BRDA:186,13,0,0
BRDA:186,13,1,0
BRDA:186,14,0,0
BRDA:186,14,1,0
BRDA:196,15,0,0
BRDA:196,15,1,0
BRDA:209,16,0,0
BRDA:209,16,1,0
BRDA:213,17,0,0
BRDA:213,17,1,0
BRDA:213,18,0,0
BRDA:213,18,1,0
BRDA:213,18,2,0
BRDA:218,19,0,0
BRDA:218,19,1,0
BRDA:248,20,0,0
BRDA:248,20,1,0
BRDA:253,21,0,0
BRDA:253,21,1,0
BRDA:253,22,0,0
BRDA:253,22,1,0
BRDA:258,23,0,0
BRDA:258,23,1,0
BRDA:258,24,0,0
BRDA:258,24,1,0
BRDA:262,25,0,0
BRDA:262,25,1,0
BRDA:272,26,0,0
BRDA:272,26,1,0
BRDA:273,27,0,0
BRDA:273,27,1,0
BRDA:274,28,0,0
BRDA:274,28,1,0
BRDA:275,29,0,0
BRDA:275,29,1,0
BRDA:280,30,0,0
BRDA:280,30,1,0
BRDA:280,31,0,0
BRDA:280,31,1,0
BRDA:280,31,2,0
BRDA:281,32,0,0
BRDA:281,32,1,0
BRDA:285,33,0,0
BRDA:285,33,1,0
BRDA:286,34,0,0
BRDA:286,34,1,0
BRDA:287,35,0,0
BRDA:287,35,1,0
BRDA:288,36,0,0
BRDA:288,36,1,0
BRDA:291,37,0,0
BRDA:291,37,1,0
BRDA:295,38,0,0
BRDA:295,38,1,0
BRDA:296,39,0,0
BRDA:296,39,1,0
BRDA:296,39,2,0
BRDA:297,40,0,0
BRDA:297,40,1,0
BRDA:298,41,0,0
BRDA:298,41,1,0
BRDA:324,42,0,0
BRDA:324,42,1,0
BRDA:343,43,0,0
BRDA:343,43,1,0
BRDA:383,44,0,0
BRDA:383,44,1,0
BRDA:393,45,0,0
BRDA:393,45,1,0
BRF:96
BRH:0
end_of_record
TN:
SF:src\middleware\authMiddleware.ts
FN:5,(anonymous_1)
FN:41,(anonymous_2)
FN:51,(anonymous_3)
FN:76,(anonymous_4)
FN:77,(anonymous_5)
FN:93,(anonymous_6)
FN:94,(anonymous_7)
FN:111,(anonymous_8)
FN:131,(anonymous_9)
FN:152,(anonymous_10)
FN:172,(anonymous_11)
FN:182,(anonymous_12)
FNF:12
FNH:8
FNDA:2,(anonymous_1)
FNDA:11,(anonymous_2)
FNDA:11,(anonymous_3)
FNDA:40,(anonymous_4)
FNDA:5,(anonymous_5)
FNDA:28,(anonymous_6)
FNDA:1,(anonymous_7)
FNDA:0,(anonymous_8)
FNDA:3,(anonymous_9)
FNDA:0,(anonymous_10)
FNDA:0,(anonymous_11)
FNDA:0,(anonymous_12)
DA:2,2
DA:5,2
DA:6,2
DA:7,2
DA:8,2
DA:37,2
DA:42,11
DA:43,11
DA:45,11
DA:46,0
DA:49,11
DA:51,11
DA:52,11
DA:53,0
DA:54,0
DA:56,0
DA:57,0
DA:59,0
DA:62,11
DA:63,11
DA:69,11
DA:77,40
DA:78,5
DA:79,0
DA:82,5
DA:83,0
DA:86,5
DA:94,28
DA:95,1
DA:96,0
DA:99,1
DA:100,0
DA:103,1
DA:112,0
DA:113,0
DA:116,0
DA:117,0
DA:118,0
DA:120,0
DA:121,0
DA:124,0
DA:132,3
DA:133,0
DA:136,3
DA:137,3
DA:138,3
DA:139,3
DA:141,3
DA:142,0
DA:145,3
DA:153,0
DA:154,0
DA:157,0
DA:158,0
DA:159,0
DA:160,0
DA:162,0
DA:163,0
DA:166,0
DA:173,0
DA:174,0
DA:176,0
DA:177,0
DA:180,0
DA:182,0
DA:183,0
DA:184,0
DA:185,0
DA:192,0
LF:69
LH:30
BRDA:5,0,0,2
BRDA:5,0,1,2
BRDA:43,1,0,11
BRDA:43,1,1,11
BRDA:45,2,0,0
BRDA:45,2,1,11
BRDA:49,3,0,11
BRDA:49,3,1,0
BRDA:52,4,0,0
BRDA:52,4,1,11
BRDA:53,5,0,0
BRDA:53,5,1,0
BRDA:56,6,0,0
BRDA:56,6,1,0
BRDA:78,7,0,0
BRDA:78,7,1,5
BRDA:82,8,0,0
BRDA:82,8,1,5
BRDA:95,9,0,0
BRDA:95,9,1,1
BRDA:99,10,0,0
BRDA:99,10,1,1
BRDA:112,11,0,0
BRDA:112,11,1,0
BRDA:116,12,0,0
BRDA:116,12,1,0
BRDA:120,13,0,0
BRDA:120,13,1,0
BRDA:120,14,0,0
BRDA:120,14,1,0
BRDA:132,15,0,0
BRDA:132,15,1,3
BRDA:136,16,0,3
BRDA:136,16,1,0
BRDA:141,17,0,0
BRDA:141,17,1,3
BRDA:141,18,0,3
BRDA:141,18,1,0
BRDA:141,18,2,0
BRDA:153,19,0,0
BRDA:153,19,1,0
BRDA:157,20,0,0
BRDA:157,20,1,0
BRDA:162,21,0,0
BRDA:162,21,1,0
BRDA:162,22,0,0
BRDA:162,22,1,0
BRDA:162,22,2,0
BRDA:174,23,0,0
BRDA:174,23,1,0
BRDA:176,24,0,0
BRDA:176,24,1,0
BRDA:180,25,0,0
BRDA:180,25,1,0
BRDA:183,26,0,0
BRDA:183,26,1,0
BRDA:183,27,0,0
BRDA:183,27,1,0
BRF:58
BRH:15
end_of_record
TN:
SF:src\middleware\passwordMiddleware.ts
FN:4,(anonymous_1)
FN:23,(anonymous_2)
FNF:2
FNH:1
FNDA:1,(anonymous_1)
FNDA:0,(anonymous_2)
DA:2,2
DA:4,2
DA:5,1
DA:6,1
DA:7,0
DA:8,0
DA:11,0
DA:12,0
DA:15,1
DA:17,0
DA:18,0
DA:23,2
DA:24,0
LF:13
LH:6
BRDA:6,0,0,0
BRDA:6,0,1,1
BRF:2
BRH:1
end_of_record
TN:
SF:src\middleware\rateLimitMiddleware.ts
FN:9,(anonymous_1)
FNF:1
FNH:0
FNDA:0,(anonymous_1)
DA:1,2
DA:3,2
DA:10,0
DA:11,0
LF:4
LH:2
BRDA:10,0,0,0
BRDA:10,0,1,0
BRDA:11,1,0,0
BRDA:11,1,1,0
BRF:4
BRH:0
end_of_record
TN:
SF:src\middleware\sanitizeMiddleware.ts
FN:3,removeScriptTags
FN:13,stripDangerousSqlSequences
FN:22,sanitizeString
FN:34,sanitizeInputDeep
FN:40,(anonymous_4)
FN:55,sanitizeInPlace
FN:72,sanitizeRequest
FNF:7
FNH:5
FNDA:19,removeScriptTags
FNDA:19,stripDangerousSqlSequences
FNDA:19,sanitizeString
FNDA:0,sanitizeInputDeep
FNDA:0,(anonymous_4)
FNDA:37,sanitizeInPlace
FNDA:14,sanitizeRequest
DA:5,19
DA:7,19
DA:9,19
DA:10,19
DA:16,19
DA:23,19
DA:25,19
DA:27,19
DA:29,19
DA:30,19
DA:31,19
DA:35,0
DA:36,0
DA:37,0
DA:39,0
DA:40,0
DA:42,0
DA:43,0
DA:45,0
DA:46,0
DA:47,0
DA:48,0
DA:50,0
DA:52,0
DA:56,37
DA:57,37
DA:58,0
DA:59,0
DA:60,0
DA:61,0
DA:63,0
DA:65,37
DA:66,27
DA:67,27
DA:68,8
DA:72,2
DA:73,14
DA:74,9
DA:76,0
DA:78,9
DA:82,14
DA:83,14
DA:84,14
DA:87,2
LF:44
LH:25
BRDA:35,0,0,0
BRDA:35,0,1,0
BRDA:35,1,0,0
BRDA:35,1,1,0
BRDA:36,2,0,0
BRDA:36,2,1,0
BRDA:39,3,0,0
BRDA:39,3,1,0
BRDA:42,4,0,0
BRDA:42,4,1,0
BRDA:42,5,0,0
BRDA:42,5,1,0
BRDA:45,6,0,0
BRDA:45,6,1,0
BRDA:56,7,0,0
BRDA:56,7,1,37
BRDA:56,8,0,37
BRDA:56,8,1,37
BRDA:57,9,0,0
BRDA:57,9,1,37
BRDA:60,10,0,0
BRDA:60,10,1,0
BRDA:61,11,0,0
BRDA:61,11,1,0
BRDA:61,12,0,0
BRDA:61,12,1,0
BRDA:67,13,0,19
BRDA:67,13,1,8
BRDA:68,14,0,0
BRDA:68,14,1,8
BRDA:68,15,0,8
BRDA:68,15,1,8
BRDA:73,16,0,9
BRDA:73,16,1,5
BRDA:74,17,0,0
BRDA:74,17,1,9
BRDA:82,18,0,14
BRDA:82,18,1,0
BRDA:83,19,0,14
BRDA:83,19,1,0
BRF:40
BRH:14
end_of_record
TN:
SF:src\middleware\validationMiddleware.ts
FN:6,makeValidator
FN:7,(anonymous_1)
FN:11,(anonymous_2)
FN:27,(anonymous_3)
FN:28,(anonymous_4)
FN:29,(anonymous_5)
FNF:6
FNH:3
FNDA:8,makeValidator
FNDA:3,(anonymous_1)
FNDA:0,(anonymous_2)
FNDA:8,(anonymous_3)
FNDA:0,(anonymous_4)
FNDA:0,(anonymous_5)
DA:7,8
DA:8,3
DA:9,3
DA:10,3
DA:11,0
DA:16,0
DA:22,3
DA:23,3
DA:27,8
DA:28,2
DA:29,2
LF:11
LH:9
BRDA:10,0,0,0
BRDA:10,0,1,3
BRDA:12,1,0,0
BRDA:12,1,1,0
BRF:4
BRH:1
end_of_record
TN:
SF:src\routes\alunoRoutes.ts
FNF:0
FNH:0
DA:1,2
DA:2,2
DA:3,2
DA:5,2
DA:8,2
DA:11,2
DA:14,2
DA:17,2
DA:20,2
DA:23,2
DA:26,2
DA:29,2
DA:32,2
DA:35,2
DA:37,2
LF:15
LH:15
BRF:0
BRH:0
end_of_record
TN:
SF:src\routes\authRoutes.ts
FNF:0
FNH:0
DA:1,2
DA:2,2
DA:4,2
DA:5,2
DA:6,2
DA:7,2
DA:8,2
DA:10,2
DA:13,2
DA:14,2
DA:15,2
DA:23,2
DA:24,2
DA:30,2
LF:14
LH:14
BRF:0
BRH:0
end_of_record
TN:
SF:src\routes\cursoRoutes.ts
FNF:0
FNH:0
DA:1,2
DA:2,2
DA:3,2
DA:5,2
DA:8,2
DA:11,2
DA:14,2
DA:17,2
DA:20,2
DA:23,2
DA:25,2
LF:11
LH:11
BRF:0
BRH:0
end_of_record
TN:
SF:src\routes\dashboardIESRoutes.ts
FNF:0
FNH:0
DA:2,2
DA:3,2
DA:4,2
DA:6,2
DA:9,2
DA:13,2
DA:16,2
DA:19,2
LF:8
LH:8
BRF:0
BRH:0
end_of_record
TN:
SF:src\routes\dashboardRoutes.ts
FNF:0
FNH:0
DA:1,2
DA:2,2
DA:3,2
DA:4,2
DA:6,2
DA:9,2
DA:12,2
DA:18,2
DA:23,2
LF:9
LH:9
BRF:0
BRH:0
end_of_record
TN:
SF:src\routes\disciplinaRoutes.ts
FNF:0
FNH:0
DA:1,2
DA:2,2
DA:3,2
DA:5,2
DA:8,2
DA:11,2
DA:14,2
DA:17,2
DA:20,2
DA:23,2
DA:26,2
DA:28,2
LF:12
LH:12
BRF:0
BRH:0
end_of_record
TN:
SF:src\routes\index.ts
FN:18,(anonymous_1)
FNF:1
FNH:0
FNDA:0,(anonymous_1)
DA:1,2
DA:2,2
DA:3,2
DA:4,2
DA:5,2
DA:6,2
DA:7,2
DA:8,2
DA:9,2
DA:10,2
DA:11,2
DA:15,2
DA:18,2
DA:19,0
DA:27,2
DA:30,2
DA:31,2
DA:32,2
DA:33,2
DA:34,2
DA:35,2
DA:36,2
DA:39,2
DA:40,2
DA:42,2
LF:25
LH:24
BRF:0
BRH:0
end_of_record
TN:
SF:src\routes\matriculaRoutes.ts
FNF:0
FNH:0
DA:1,2
DA:2,2
DA:3,2
DA:5,2
DA:8,2
DA:11,2
DA:14,2
DA:17,2
DA:20,2
DA:23,2
DA:26,2
DA:29,2
DA:32,2
DA:35,2
DA:37,2
LF:15
LH:15
BRF:0
BRH:0
end_of_record
TN:
SF:src\routes\periodoLetivoRoutes.ts
FNF:0
FNH:0
DA:1,2
DA:2,2
DA:3,2
DA:5,2
DA:8,2
DA:11,2
DA:14,2
DA:17,2
DA:20,2
DA:23,2
DA:26,2
DA:29,2
DA:31,2
LF:13
LH:13
BRF:0
BRH:0
end_of_record
TN:
SF:src\routes\predictionRoutes.ts
FNF:0
FNH:0
DA:1,2
DA:2,2
DA:3,2
DA:4,2
DA:5,2
DA:7,2
DA:10,2
DA:14,2
DA:15,2
DA:18,2
DA:23,2
DA:27,2
DA:30,2
DA:31,2
DA:32,2
DA:35,2
LF:16
LH:16
BRF:0
BRH:0
end_of_record
TN:
SF:src\routes\userRoutes.ts
FNF:0
FNH:0
DA:1,2
DA:2,2
DA:3,2
DA:4,2
DA:6,2
DA:9,2
DA:12,2
DA:15,2
DA:18,2
DA:21,2
DA:24,2
DA:27,2
DA:29,2
LF:13
LH:13
BRF:0
BRH:0
end_of_record
TN:
SF:src\service\dashboardService.ts
FN:65,(anonymous_0)
FN:161,(anonymous_1)
FN:185,(anonymous_2)
FN:186,(anonymous_3)
FN:189,(anonymous_4)
FN:193,(anonymous_5)
FN:200,(anonymous_6)
FN:200,(anonymous_7)
FN:201,(anonymous_8)
FN:203,(anonymous_9)
FN:219,(anonymous_10)
FN:220,(anonymous_11)
FN:237,(anonymous_12)
FN:238,(anonymous_13)
FN:239,(anonymous_14)
FN:240,(anonymous_15)
FN:281,(anonymous_16)
FNF:17
FNH:0
FNDA:0,(anonymous_0)
FNDA:0,(anonymous_1)
FNDA:0,(anonymous_2)
FNDA:0,(anonymous_3)
FNDA:0,(anonymous_4)
FNDA:0,(anonymous_5)
FNDA:0,(anonymous_6)
FNDA:0,(anonymous_7)
FNDA:0,(anonymous_8)
FNDA:0,(anonymous_9)
FNDA:0,(anonymous_10)
FNDA:0,(anonymous_11)
FNDA:0,(anonymous_12)
FNDA:0,(anonymous_13)
FNDA:0,(anonymous_14)
FNDA:0,(anonymous_15)
FNDA:0,(anonymous_16)
DA:1,2
DA:61,2
DA:73,0
DA:80,0
DA:155,0
DA:162,0
DA:164,0
DA:165,0
DA:184,0
DA:185,0
DA:186,0
DA:188,0
DA:189,0
DA:193,0
DA:194,0
DA:199,0
DA:200,0
DA:201,0
DA:203,0
DA:204,0
DA:207,0
DA:212,0
DA:218,0
DA:219,0
DA:220,0
DA:225,0
DA:238,0
DA:239,0
DA:240,0
DA:242,0
DA:285,0
DA:291,0
DA:307,0
LF:33
LH:2
BRDA:67,0,0,0
BRDA:74,1,0,0
BRDA:74,1,1,0
BRDA:75,2,0,0
BRDA:75,2,1,0
BRDA:164,3,0,0
BRDA:164,3,1,0
BRDA:185,4,0,0
BRDA:185,4,1,0
BRDA:188,5,0,0
BRDA:188,5,1,0
BRDA:194,6,0,0
BRDA:194,6,1,0
BRDA:204,7,0,0
BRDA:204,7,1,0
BRDA:207,8,0,0
BRDA:207,8,1,0
BRDA:261,9,0,0
BRDA:261,9,1,0
BRDA:267,10,0,0
BRDA:267,10,1,0
BRDA:283,11,0,0
BRDA:286,12,0,0
BRDA:286,12,1,0
BRDA:287,13,0,0
BRDA:287,13,1,0
BRF:26
BRH:0
end_of_record
TN:
SF:src\service\emailService.ts
FN:12,hasSmtpConfig
FN:16,getDefaultFrom
FN:20,getTransporter
FN:45,sendPasswordResetEmail
FNF:4
FNH:0
FNDA:0,hasSmtpConfig
FNDA:0,getDefaultFrom
FNDA:0,getTransporter
FNDA:0,sendPasswordResetEmail
DA:1,2
DA:13,0
DA:17,0
DA:21,0
DA:22,0
DA:25,0
DA:26,0
DA:27,0
DA:30,0
DA:42,0
DA:45,2
DA:46,0
DA:47,0
DA:48,0
DA:49,0
DA:50,0
DA:58,0
DA:59,0
DA:65,0
DA:68,0
LF:20
LH:2
BRDA:13,0,0,0
BRDA:13,0,1,0
BRDA:17,1,0,0
BRDA:17,1,1,0
BRDA:17,1,2,0
BRDA:21,2,0,0
BRDA:21,2,1,0
BRDA:25,3,0,0
BRDA:25,3,1,0
BRDA:33,4,0,0
BRDA:33,4,1,0
BRDA:34,5,0,0
BRDA:34,5,1,0
BRDA:34,6,0,0
BRDA:34,6,1,0
BRDA:49,7,0,0
BRDA:49,7,1,0
BRDA:58,8,0,0
BRDA:58,8,1,0
BRF:19
BRH:0
end_of_record
TN:
SF:src\service\healthService.ts
FN:8,(anonymous_0)
FN:20,(anonymous_1)
FN:41,(anonymous_2)
FN:57,(anonymous_3)
FN:58,(anonymous_4)
FN:59,(anonymous_5)
FNF:6
FNH:1
FNDA:0,(anonymous_0)
FNDA:0,(anonymous_1)
FNDA:0,(anonymous_2)
FNDA:2,(anonymous_3)
FNDA:0,(anonymous_4)
FNDA:0,(anonymous_5)
DA:2,2
DA:4,2
DA:9,0
DA:21,0
DA:22,0
DA:23,0
DA:29,0
DA:30,0
DA:42,0
DA:44,0
DA:45,0
DA:46,0
DA:47,0
DA:49,0
DA:50,0
DA:58,2
DA:59,2
LF:17
LH:4
BRDA:13,0,0,0
BRDA:13,0,1,0
BRF:2
BRH:0
end_of_record
TN:
SF:src\service\passwordResetService.ts
FN:11,(anonymous_1)
FN:17,(anonymous_2)
FN:22,(anonymous_3)
FN:28,(anonymous_4)
FN:40,(anonymous_5)
FN:72,(anonymous_6)
FNF:6
FNH:6
FNDA:1,(anonymous_1)
FNDA:1,(anonymous_2)
FNDA:1,(anonymous_3)
FNDA:1,(anonymous_4)
FNDA:2,(anonymous_5)
FNDA:3,(anonymous_6)
DA:1,3
DA:2,3
DA:3,3
DA:4,3
DA:6,3
DA:7,3
DA:8,3
DA:10,3
DA:12,1
DA:13,1
DA:14,1
DA:18,1
DA:19,1
DA:23,1
DA:24,1
DA:25,1
DA:29,1
DA:41,2
DA:43,2
DA:52,2
DA:53,1
DA:56,1
DA:57,0
DA:60,1
DA:69,1
DA:73,3
DA:82,3
DA:83,1
DA:86,2
DA:88,2
DA:89,1
DA:92,1
DA:94,1
DA:95,1
DA:96,1
DA:98,1
DA:109,1
LF:37
LH:36
BRDA:52,0,0,1
BRDA:52,0,1,1
BRDA:56,1,0,0
BRDA:56,1,1,1
BRDA:82,2,0,1
BRDA:82,2,1,2
BRDA:88,3,0,1
BRDA:88,3,1,1
BRF:8
BRH:7
end_of_record
TN:
SF:src\service\predictionService.ts
FN:35,callDropoutService
FN:69,callPerformanceService
FN:86,(anonymous_3)
FN:117,savePrediction
FN:149,callMLService
FNF:5
FNH:0
FNDA:0,callDropoutService
FNDA:0,callPerformanceService
FNDA:0,(anonymous_3)
FNDA:0,savePrediction
FNDA:0,callMLService
DA:1,2
DA:2,2
DA:4,2
DA:5,2
DA:6,2
DA:36,0
DA:37,0
DA:48,0
DA:51,0
DA:57,0
DA:58,0
DA:59,0
DA:61,0
DA:62,0
DA:65,0
DA:70,0
DA:71,0
DA:82,0
DA:85,0
DA:86,0
DA:89,0
DA:94,0
DA:100,0
DA:102,0
DA:103,0
DA:104,0
DA:106,0
DA:107,0
DA:109,0
DA:110,0
DA:113,0
DA:117,2
DA:124,0
DA:125,0
DA:128,0
DA:149,2
DA:153,0
DA:155,0
DA:159,0
DA:161,0
LF:40
LH:7
BRDA:5,0,0,2
BRDA:5,0,1,2
BRDA:6,1,0,2
BRDA:6,1,1,2
BRDA:57,2,0,0
BRDA:57,2,1,0
BRDA:58,3,0,0
BRDA:58,3,1,0
BRDA:58,4,0,0
BRDA:58,4,1,0
BRDA:61,5,0,0
BRDA:61,5,1,0
BRDA:100,6,0,0
BRDA:100,6,1,0
BRDA:102,7,0,0
BRDA:102,7,1,0
BRDA:106,8,0,0
BRDA:106,8,1,0
BRDA:106,9,0,0
BRDA:106,9,1,0
BRDA:109,10,0,0
BRDA:109,10,1,0
BRDA:124,11,0,0
BRDA:124,11,1,0
BRDA:124,12,0,0
BRDA:124,12,1,0
BRDA:134,13,0,0
BRDA:134,13,1,0
BRDA:155,14,0,0
BRDA:155,14,1,0
BRF:30
BRH:4
end_of_record
TN:
SF:src\validation\authSchemas.ts
FNF:0
FNH:0
DA:1,2
DA:3,2
DA:16,2
DA:25,2
LF:4
LH:4
BRF:0
BRH:0
end_of_record
TN:
SF:src\validation\predictionSchemas.ts
FNF:0
FNH:0
DA:1,2
DA:3,2
LF:2
LH:2
BRF:0
BRH:0
end_of_record
